

Started GET "/" for 127.0.0.1 at 2014-01-03 11:54:15 +0530

Mysql2::Error (Access denied for user 'root'@'localhost' (using password: NO)):
  mysql2 (0.3.14) lib/mysql2/client.rb:67:in `connect'
  mysql2 (0.3.14) lib/mysql2/client.rb:67:in `initialize'
  activerecord (4.0.2) lib/active_record/connection_adapters/mysql2_adapter.rb:18:in `new'
  activerecord (4.0.2) lib/active_record/connection_adapters/mysql2_adapter.rb:18:in `mysql2_connection'
  activerecord (4.0.2) lib/active_record/connection_adapters/abstract/connection_pool.rb:440:in `new_connection'
  activerecord (4.0.2) lib/active_record/connection_adapters/abstract/connection_pool.rb:450:in `checkout_new_connection'
  activerecord (4.0.2) lib/active_record/connection_adapters/abstract/connection_pool.rb:421:in `acquire_connection'
  activerecord (4.0.2) lib/active_record/connection_adapters/abstract/connection_pool.rb:356:in `block in checkout'
  /home/webonise/.rvm/rubies/ruby-2.1.0/lib/ruby/2.1.0/monitor.rb:211:in `mon_synchronize'
  activerecord (4.0.2) lib/active_record/connection_adapters/abstract/connection_pool.rb:355:in `checkout'
  activerecord (4.0.2) lib/active_record/connection_adapters/abstract/connection_pool.rb:265:in `block in connection'
  /home/webonise/.rvm/rubies/ruby-2.1.0/lib/ruby/2.1.0/monitor.rb:211:in `mon_synchronize'
  activerecord (4.0.2) lib/active_record/connection_adapters/abstract/connection_pool.rb:264:in `connection'
  activerecord (4.0.2) lib/active_record/connection_adapters/abstract/connection_pool.rb:546:in `retrieve_connection'
  activerecord (4.0.2) lib/active_record/connection_handling.rb:79:in `retrieve_connection'
  activerecord (4.0.2) lib/active_record/connection_handling.rb:53:in `connection'
  activerecord (4.0.2) lib/active_record/query_cache.rb:51:in `restore_query_cache_settings'
  activerecord (4.0.2) lib/active_record/query_cache.rb:43:in `rescue in call'
  activerecord (4.0.2) lib/active_record/query_cache.rb:32:in `call'
  activerecord (4.0.2) lib/active_record/connection_adapters/abstract/connection_pool.rb:626:in `call'
  activerecord (4.0.2) lib/active_record/migration.rb:369:in `call'
  actionpack (4.0.2) lib/action_dispatch/middleware/callbacks.rb:29:in `block in call'
  activesupport (4.0.2) lib/active_support/callbacks.rb:373:in `_run__705963310876631167__call__callbacks'
  activesupport (4.0.2) lib/active_support/callbacks.rb:80:in `run_callbacks'
  actionpack (4.0.2) lib/action_dispatch/middleware/callbacks.rb:27:in `call'
  actionpack (4.0.2) lib/action_dispatch/middleware/reloader.rb:64:in `call'
  actionpack (4.0.2) lib/action_dispatch/middleware/remote_ip.rb:76:in `call'
  actionpack (4.0.2) lib/action_dispatch/middleware/debug_exceptions.rb:17:in `call'
  actionpack (4.0.2) lib/action_dispatch/middleware/show_exceptions.rb:30:in `call'
  railties (4.0.2) lib/rails/rack/logger.rb:38:in `call_app'
  railties (4.0.2) lib/rails/rack/logger.rb:20:in `block in call'
  activesupport (4.0.2) lib/active_support/tagged_logging.rb:67:in `block in tagged'
  activesupport (4.0.2) lib/active_support/tagged_logging.rb:25:in `tagged'
  activesupport (4.0.2) lib/active_support/tagged_logging.rb:67:in `tagged'
  railties (4.0.2) lib/rails/rack/logger.rb:20:in `call'
  actionpack (4.0.2) lib/action_dispatch/middleware/request_id.rb:21:in `call'
  rack (1.5.2) lib/rack/methodoverride.rb:21:in `call'
  rack (1.5.2) lib/rack/runtime.rb:17:in `call'
  activesupport (4.0.2) lib/active_support/cache/strategy/local_cache.rb:83:in `call'
  rack (1.5.2) lib/rack/lock.rb:17:in `call'
  actionpack (4.0.2) lib/action_dispatch/middleware/static.rb:64:in `call'
  rack (1.5.2) lib/rack/sendfile.rb:112:in `call'
  railties (4.0.2) lib/rails/engine.rb:511:in `call'
  railties (4.0.2) lib/rails/application.rb:97:in `call'
  rack (1.5.2) lib/rack/lock.rb:17:in `call'
  rack (1.5.2) lib/rack/content_length.rb:14:in `call'
  rack (1.5.2) lib/rack/handler/webrick.rb:60:in `service'
  /home/webonise/.rvm/rubies/ruby-2.1.0/lib/ruby/2.1.0/webrick/httpserver.rb:138:in `service'
  /home/webonise/.rvm/rubies/ruby-2.1.0/lib/ruby/2.1.0/webrick/httpserver.rb:94:in `run'
  /home/webonise/.rvm/rubies/ruby-2.1.0/lib/ruby/2.1.0/webrick/server.rb:295:in `block in start_thread'


  Rendered /home/webonise/.rvm/gems/ruby-2.1.0/gems/actionpack-4.0.2/lib/action_dispatch/middleware/templates/rescues/_source.erb (0.5ms)
  Rendered /home/webonise/.rvm/gems/ruby-2.1.0/gems/actionpack-4.0.2/lib/action_dispatch/middleware/templates/rescues/_trace.erb (0.9ms)
  Rendered /home/webonise/.rvm/gems/ruby-2.1.0/gems/actionpack-4.0.2/lib/action_dispatch/middleware/templates/rescues/_request_and_response.erb (0.8ms)
  Rendered /home/webonise/.rvm/gems/ruby-2.1.0/gems/actionpack-4.0.2/lib/action_dispatch/middleware/templates/rescues/diagnostics.erb within rescues/layout (12.3ms)


Started GET "/" for 127.0.0.1 at 2014-01-03 11:56:54 +0530

Mysql2::Error (Access denied for user 'root'@'localhost' (using password: NO)):
  mysql2 (0.3.14) lib/mysql2/client.rb:67:in `connect'
  mysql2 (0.3.14) lib/mysql2/client.rb:67:in `initialize'
  activerecord (4.0.2) lib/active_record/connection_adapters/mysql2_adapter.rb:18:in `new'
  activerecord (4.0.2) lib/active_record/connection_adapters/mysql2_adapter.rb:18:in `mysql2_connection'
  activerecord (4.0.2) lib/active_record/connection_adapters/abstract/connection_pool.rb:440:in `new_connection'
  activerecord (4.0.2) lib/active_record/connection_adapters/abstract/connection_pool.rb:450:in `checkout_new_connection'
  activerecord (4.0.2) lib/active_record/connection_adapters/abstract/connection_pool.rb:421:in `acquire_connection'
  activerecord (4.0.2) lib/active_record/connection_adapters/abstract/connection_pool.rb:356:in `block in checkout'
  /home/webonise/.rvm/rubies/ruby-2.1.0/lib/ruby/2.1.0/monitor.rb:211:in `mon_synchronize'
  activerecord (4.0.2) lib/active_record/connection_adapters/abstract/connection_pool.rb:355:in `checkout'
  activerecord (4.0.2) lib/active_record/connection_adapters/abstract/connection_pool.rb:265:in `block in connection'
  /home/webonise/.rvm/rubies/ruby-2.1.0/lib/ruby/2.1.0/monitor.rb:211:in `mon_synchronize'
  activerecord (4.0.2) lib/active_record/connection_adapters/abstract/connection_pool.rb:264:in `connection'
  activerecord (4.0.2) lib/active_record/connection_adapters/abstract/connection_pool.rb:546:in `retrieve_connection'
  activerecord (4.0.2) lib/active_record/connection_handling.rb:79:in `retrieve_connection'
  activerecord (4.0.2) lib/active_record/connection_handling.rb:53:in `connection'
  activerecord (4.0.2) lib/active_record/query_cache.rb:51:in `restore_query_cache_settings'
  activerecord (4.0.2) lib/active_record/query_cache.rb:43:in `rescue in call'
  activerecord (4.0.2) lib/active_record/query_cache.rb:32:in `call'
  activerecord (4.0.2) lib/active_record/connection_adapters/abstract/connection_pool.rb:626:in `call'
  activerecord (4.0.2) lib/active_record/migration.rb:369:in `call'
  actionpack (4.0.2) lib/action_dispatch/middleware/callbacks.rb:29:in `block in call'
  activesupport (4.0.2) lib/active_support/callbacks.rb:373:in `_run__705963310876631167__call__callbacks'
  activesupport (4.0.2) lib/active_support/callbacks.rb:80:in `run_callbacks'
  actionpack (4.0.2) lib/action_dispatch/middleware/callbacks.rb:27:in `call'
  actionpack (4.0.2) lib/action_dispatch/middleware/reloader.rb:64:in `call'
  actionpack (4.0.2) lib/action_dispatch/middleware/remote_ip.rb:76:in `call'
  actionpack (4.0.2) lib/action_dispatch/middleware/debug_exceptions.rb:17:in `call'
  actionpack (4.0.2) lib/action_dispatch/middleware/show_exceptions.rb:30:in `call'
  railties (4.0.2) lib/rails/rack/logger.rb:38:in `call_app'
  railties (4.0.2) lib/rails/rack/logger.rb:20:in `block in call'
  activesupport (4.0.2) lib/active_support/tagged_logging.rb:67:in `block in tagged'
  activesupport (4.0.2) lib/active_support/tagged_logging.rb:25:in `tagged'
  activesupport (4.0.2) lib/active_support/tagged_logging.rb:67:in `tagged'
  railties (4.0.2) lib/rails/rack/logger.rb:20:in `call'
  actionpack (4.0.2) lib/action_dispatch/middleware/request_id.rb:21:in `call'
  rack (1.5.2) lib/rack/methodoverride.rb:21:in `call'
  rack (1.5.2) lib/rack/runtime.rb:17:in `call'
  activesupport (4.0.2) lib/active_support/cache/strategy/local_cache.rb:83:in `call'
  rack (1.5.2) lib/rack/lock.rb:17:in `call'
  actionpack (4.0.2) lib/action_dispatch/middleware/static.rb:64:in `call'
  rack (1.5.2) lib/rack/sendfile.rb:112:in `call'
  railties (4.0.2) lib/rails/engine.rb:511:in `call'
  railties (4.0.2) lib/rails/application.rb:97:in `call'
  rack (1.5.2) lib/rack/lock.rb:17:in `call'
  rack (1.5.2) lib/rack/content_length.rb:14:in `call'
  rack (1.5.2) lib/rack/handler/webrick.rb:60:in `service'
  /home/webonise/.rvm/rubies/ruby-2.1.0/lib/ruby/2.1.0/webrick/httpserver.rb:138:in `service'
  /home/webonise/.rvm/rubies/ruby-2.1.0/lib/ruby/2.1.0/webrick/httpserver.rb:94:in `run'
  /home/webonise/.rvm/rubies/ruby-2.1.0/lib/ruby/2.1.0/webrick/server.rb:295:in `block in start_thread'


  Rendered /home/webonise/.rvm/gems/ruby-2.1.0/gems/actionpack-4.0.2/lib/action_dispatch/middleware/templates/rescues/_source.erb (0.7ms)
  Rendered /home/webonise/.rvm/gems/ruby-2.1.0/gems/actionpack-4.0.2/lib/action_dispatch/middleware/templates/rescues/_trace.erb (0.9ms)
  Rendered /home/webonise/.rvm/gems/ruby-2.1.0/gems/actionpack-4.0.2/lib/action_dispatch/middleware/templates/rescues/_request_and_response.erb (0.9ms)
  Rendered /home/webonise/.rvm/gems/ruby-2.1.0/gems/actionpack-4.0.2/lib/action_dispatch/middleware/templates/rescues/diagnostics.erb within rescues/layout (11.1ms)


Started GET "/" for 127.0.0.1 at 2014-01-03 12:05:44 +0530

Mysql2::Error (Access denied for user 'root'@'localhost' (using password: NO)):
  mysql2 (0.3.14) lib/mysql2/client.rb:67:in `connect'
  mysql2 (0.3.14) lib/mysql2/client.rb:67:in `initialize'
  activerecord (4.0.2) lib/active_record/connection_adapters/mysql2_adapter.rb:18:in `new'
  activerecord (4.0.2) lib/active_record/connection_adapters/mysql2_adapter.rb:18:in `mysql2_connection'
  activerecord (4.0.2) lib/active_record/connection_adapters/abstract/connection_pool.rb:440:in `new_connection'
  activerecord (4.0.2) lib/active_record/connection_adapters/abstract/connection_pool.rb:450:in `checkout_new_connection'
  activerecord (4.0.2) lib/active_record/connection_adapters/abstract/connection_pool.rb:421:in `acquire_connection'
  activerecord (4.0.2) lib/active_record/connection_adapters/abstract/connection_pool.rb:356:in `block in checkout'
  /home/webonise/.rvm/rubies/ruby-2.1.0/lib/ruby/2.1.0/monitor.rb:211:in `mon_synchronize'
  activerecord (4.0.2) lib/active_record/connection_adapters/abstract/connection_pool.rb:355:in `checkout'
  activerecord (4.0.2) lib/active_record/connection_adapters/abstract/connection_pool.rb:265:in `block in connection'
  /home/webonise/.rvm/rubies/ruby-2.1.0/lib/ruby/2.1.0/monitor.rb:211:in `mon_synchronize'
  activerecord (4.0.2) lib/active_record/connection_adapters/abstract/connection_pool.rb:264:in `connection'
  activerecord (4.0.2) lib/active_record/connection_adapters/abstract/connection_pool.rb:546:in `retrieve_connection'
  activerecord (4.0.2) lib/active_record/connection_handling.rb:79:in `retrieve_connection'
  activerecord (4.0.2) lib/active_record/connection_handling.rb:53:in `connection'
  activerecord (4.0.2) lib/active_record/query_cache.rb:51:in `restore_query_cache_settings'
  activerecord (4.0.2) lib/active_record/query_cache.rb:43:in `rescue in call'
  activerecord (4.0.2) lib/active_record/query_cache.rb:32:in `call'
  activerecord (4.0.2) lib/active_record/connection_adapters/abstract/connection_pool.rb:626:in `call'
  activerecord (4.0.2) lib/active_record/migration.rb:369:in `call'
  actionpack (4.0.2) lib/action_dispatch/middleware/callbacks.rb:29:in `block in call'
  activesupport (4.0.2) lib/active_support/callbacks.rb:373:in `_run__4586129944068971997__call__callbacks'
  activesupport (4.0.2) lib/active_support/callbacks.rb:80:in `run_callbacks'
  actionpack (4.0.2) lib/action_dispatch/middleware/callbacks.rb:27:in `call'
  actionpack (4.0.2) lib/action_dispatch/middleware/reloader.rb:64:in `call'
  actionpack (4.0.2) lib/action_dispatch/middleware/remote_ip.rb:76:in `call'
  actionpack (4.0.2) lib/action_dispatch/middleware/debug_exceptions.rb:17:in `call'
  actionpack (4.0.2) lib/action_dispatch/middleware/show_exceptions.rb:30:in `call'
  railties (4.0.2) lib/rails/rack/logger.rb:38:in `call_app'
  railties (4.0.2) lib/rails/rack/logger.rb:20:in `block in call'
  activesupport (4.0.2) lib/active_support/tagged_logging.rb:67:in `block in tagged'
  activesupport (4.0.2) lib/active_support/tagged_logging.rb:25:in `tagged'
  activesupport (4.0.2) lib/active_support/tagged_logging.rb:67:in `tagged'
  railties (4.0.2) lib/rails/rack/logger.rb:20:in `call'
  actionpack (4.0.2) lib/action_dispatch/middleware/request_id.rb:21:in `call'
  rack (1.5.2) lib/rack/methodoverride.rb:21:in `call'
  rack (1.5.2) lib/rack/runtime.rb:17:in `call'
  activesupport (4.0.2) lib/active_support/cache/strategy/local_cache.rb:83:in `call'
  rack (1.5.2) lib/rack/lock.rb:17:in `call'
  actionpack (4.0.2) lib/action_dispatch/middleware/static.rb:64:in `call'
  rack (1.5.2) lib/rack/sendfile.rb:112:in `call'
  railties (4.0.2) lib/rails/engine.rb:511:in `call'
  railties (4.0.2) lib/rails/application.rb:97:in `call'
  rack (1.5.2) lib/rack/lock.rb:17:in `call'
  rack (1.5.2) lib/rack/content_length.rb:14:in `call'
  rack (1.5.2) lib/rack/handler/webrick.rb:60:in `service'
  /home/webonise/.rvm/rubies/ruby-2.1.0/lib/ruby/2.1.0/webrick/httpserver.rb:138:in `service'
  /home/webonise/.rvm/rubies/ruby-2.1.0/lib/ruby/2.1.0/webrick/httpserver.rb:94:in `run'
  /home/webonise/.rvm/rubies/ruby-2.1.0/lib/ruby/2.1.0/webrick/server.rb:295:in `block in start_thread'


  Rendered /home/webonise/.rvm/gems/ruby-2.1.0/gems/actionpack-4.0.2/lib/action_dispatch/middleware/templates/rescues/_source.erb (0.5ms)
  Rendered /home/webonise/.rvm/gems/ruby-2.1.0/gems/actionpack-4.0.2/lib/action_dispatch/middleware/templates/rescues/_trace.erb (0.9ms)
  Rendered /home/webonise/.rvm/gems/ruby-2.1.0/gems/actionpack-4.0.2/lib/action_dispatch/middleware/templates/rescues/_request_and_response.erb (0.8ms)
  Rendered /home/webonise/.rvm/gems/ruby-2.1.0/gems/actionpack-4.0.2/lib/action_dispatch/middleware/templates/rescues/diagnostics.erb within rescues/layout (10.5ms)


Started GET "/" for 127.0.0.1 at 2014-01-03 12:06:50 +0530

Mysql2::Error (Access denied for user 'root'@'localhost' (using password: NO)):
  mysql2 (0.3.14) lib/mysql2/client.rb:67:in `connect'
  mysql2 (0.3.14) lib/mysql2/client.rb:67:in `initialize'
  activerecord (4.0.2) lib/active_record/connection_adapters/mysql2_adapter.rb:18:in `new'
  activerecord (4.0.2) lib/active_record/connection_adapters/mysql2_adapter.rb:18:in `mysql2_connection'
  activerecord (4.0.2) lib/active_record/connection_adapters/abstract/connection_pool.rb:440:in `new_connection'
  activerecord (4.0.2) lib/active_record/connection_adapters/abstract/connection_pool.rb:450:in `checkout_new_connection'
  activerecord (4.0.2) lib/active_record/connection_adapters/abstract/connection_pool.rb:421:in `acquire_connection'
  activerecord (4.0.2) lib/active_record/connection_adapters/abstract/connection_pool.rb:356:in `block in checkout'
  /home/webonise/.rvm/rubies/ruby-2.1.0/lib/ruby/2.1.0/monitor.rb:211:in `mon_synchronize'
  activerecord (4.0.2) lib/active_record/connection_adapters/abstract/connection_pool.rb:355:in `checkout'
  activerecord (4.0.2) lib/active_record/connection_adapters/abstract/connection_pool.rb:265:in `block in connection'
  /home/webonise/.rvm/rubies/ruby-2.1.0/lib/ruby/2.1.0/monitor.rb:211:in `mon_synchronize'
  activerecord (4.0.2) lib/active_record/connection_adapters/abstract/connection_pool.rb:264:in `connection'
  activerecord (4.0.2) lib/active_record/connection_adapters/abstract/connection_pool.rb:546:in `retrieve_connection'
  activerecord (4.0.2) lib/active_record/connection_handling.rb:79:in `retrieve_connection'
  activerecord (4.0.2) lib/active_record/connection_handling.rb:53:in `connection'
  activerecord (4.0.2) lib/active_record/query_cache.rb:51:in `restore_query_cache_settings'
  activerecord (4.0.2) lib/active_record/query_cache.rb:43:in `rescue in call'
  activerecord (4.0.2) lib/active_record/query_cache.rb:32:in `call'
  activerecord (4.0.2) lib/active_record/connection_adapters/abstract/connection_pool.rb:626:in `call'
  activerecord (4.0.2) lib/active_record/migration.rb:369:in `call'
  actionpack (4.0.2) lib/action_dispatch/middleware/callbacks.rb:29:in `block in call'
  activesupport (4.0.2) lib/active_support/callbacks.rb:373:in `_run__4586129944068971997__call__callbacks'
  activesupport (4.0.2) lib/active_support/callbacks.rb:80:in `run_callbacks'
  actionpack (4.0.2) lib/action_dispatch/middleware/callbacks.rb:27:in `call'
  actionpack (4.0.2) lib/action_dispatch/middleware/reloader.rb:64:in `call'
  actionpack (4.0.2) lib/action_dispatch/middleware/remote_ip.rb:76:in `call'
  actionpack (4.0.2) lib/action_dispatch/middleware/debug_exceptions.rb:17:in `call'
  actionpack (4.0.2) lib/action_dispatch/middleware/show_exceptions.rb:30:in `call'
  railties (4.0.2) lib/rails/rack/logger.rb:38:in `call_app'
  railties (4.0.2) lib/rails/rack/logger.rb:20:in `block in call'
  activesupport (4.0.2) lib/active_support/tagged_logging.rb:67:in `block in tagged'
  activesupport (4.0.2) lib/active_support/tagged_logging.rb:25:in `tagged'
  activesupport (4.0.2) lib/active_support/tagged_logging.rb:67:in `tagged'
  railties (4.0.2) lib/rails/rack/logger.rb:20:in `call'
  actionpack (4.0.2) lib/action_dispatch/middleware/request_id.rb:21:in `call'
  rack (1.5.2) lib/rack/methodoverride.rb:21:in `call'
  rack (1.5.2) lib/rack/runtime.rb:17:in `call'
  activesupport (4.0.2) lib/active_support/cache/strategy/local_cache.rb:83:in `call'
  rack (1.5.2) lib/rack/lock.rb:17:in `call'
  actionpack (4.0.2) lib/action_dispatch/middleware/static.rb:64:in `call'
  rack (1.5.2) lib/rack/sendfile.rb:112:in `call'
  railties (4.0.2) lib/rails/engine.rb:511:in `call'
  railties (4.0.2) lib/rails/application.rb:97:in `call'
  rack (1.5.2) lib/rack/lock.rb:17:in `call'
  rack (1.5.2) lib/rack/content_length.rb:14:in `call'
  rack (1.5.2) lib/rack/handler/webrick.rb:60:in `service'
  /home/webonise/.rvm/rubies/ruby-2.1.0/lib/ruby/2.1.0/webrick/httpserver.rb:138:in `service'
  /home/webonise/.rvm/rubies/ruby-2.1.0/lib/ruby/2.1.0/webrick/httpserver.rb:94:in `run'
  /home/webonise/.rvm/rubies/ruby-2.1.0/lib/ruby/2.1.0/webrick/server.rb:295:in `block in start_thread'


  Rendered /home/webonise/.rvm/gems/ruby-2.1.0/gems/actionpack-4.0.2/lib/action_dispatch/middleware/templates/rescues/_source.erb (0.4ms)
  Rendered /home/webonise/.rvm/gems/ruby-2.1.0/gems/actionpack-4.0.2/lib/action_dispatch/middleware/templates/rescues/_trace.erb (0.9ms)
  Rendered /home/webonise/.rvm/gems/ruby-2.1.0/gems/actionpack-4.0.2/lib/action_dispatch/middleware/templates/rescues/_request_and_response.erb (1.3ms)
  Rendered /home/webonise/.rvm/gems/ruby-2.1.0/gems/actionpack-4.0.2/lib/action_dispatch/middleware/templates/rescues/diagnostics.erb within rescues/layout (16.1ms)


Started GET "/" for 127.0.0.1 at 2014-01-03 12:52:13 +0530

Gem::LoadError (Specified 'sqlite3' for database adapter, but the gem is not loaded. Add `gem 'sqlite3'` to your Gemfile.):
  activerecord (4.0.2) lib/active_record/connection_adapters/connection_specification.rb:58:in `rescue in resolve_hash_connection'
  activerecord (4.0.2) lib/active_record/connection_adapters/connection_specification.rb:55:in `resolve_hash_connection'
  activerecord (4.0.2) lib/active_record/connection_adapters/connection_specification.rb:46:in `resolve_string_connection'
  activerecord (4.0.2) lib/active_record/connection_adapters/connection_specification.rb:30:in `spec'
  activerecord (4.0.2) lib/active_record/connection_handling.rb:39:in `establish_connection'
  activerecord (4.0.2) lib/active_record/railtie.rb:176:in `block (2 levels) in <class:Railtie>'
  activesupport (4.0.2) lib/active_support/lazy_load_hooks.rb:38:in `instance_eval'
  activesupport (4.0.2) lib/active_support/lazy_load_hooks.rb:38:in `execute_hook'
  activesupport (4.0.2) lib/active_support/lazy_load_hooks.rb:45:in `block in run_load_hooks'
  activesupport (4.0.2) lib/active_support/lazy_load_hooks.rb:44:in `each'
  activesupport (4.0.2) lib/active_support/lazy_load_hooks.rb:44:in `run_load_hooks'
  activerecord (4.0.2) lib/active_record/base.rb:322:in `<module:ActiveRecord>'
  activerecord (4.0.2) lib/active_record/base.rb:22:in `<top (required)>'
  activerecord (4.0.2) lib/active_record/query_cache.rb:50:in `restore_query_cache_settings'
  activerecord (4.0.2) lib/active_record/query_cache.rb:43:in `rescue in call'
  activerecord (4.0.2) lib/active_record/query_cache.rb:32:in `call'
  activerecord (4.0.2) lib/active_record/connection_adapters/abstract/connection_pool.rb:626:in `call'
  activerecord (4.0.2) lib/active_record/migration.rb:369:in `call'
  actionpack (4.0.2) lib/action_dispatch/middleware/callbacks.rb:29:in `block in call'
  activesupport (4.0.2) lib/active_support/callbacks.rb:373:in `_run__3113689195703534103__call__callbacks'
  activesupport (4.0.2) lib/active_support/callbacks.rb:80:in `run_callbacks'
  actionpack (4.0.2) lib/action_dispatch/middleware/callbacks.rb:27:in `call'
  actionpack (4.0.2) lib/action_dispatch/middleware/reloader.rb:64:in `call'
  actionpack (4.0.2) lib/action_dispatch/middleware/remote_ip.rb:76:in `call'
  actionpack (4.0.2) lib/action_dispatch/middleware/debug_exceptions.rb:17:in `call'
  actionpack (4.0.2) lib/action_dispatch/middleware/show_exceptions.rb:30:in `call'
  railties (4.0.2) lib/rails/rack/logger.rb:38:in `call_app'
  railties (4.0.2) lib/rails/rack/logger.rb:20:in `block in call'
  activesupport (4.0.2) lib/active_support/tagged_logging.rb:67:in `block in tagged'
  activesupport (4.0.2) lib/active_support/tagged_logging.rb:25:in `tagged'
  activesupport (4.0.2) lib/active_support/tagged_logging.rb:67:in `tagged'
  railties (4.0.2) lib/rails/rack/logger.rb:20:in `call'
  actionpack (4.0.2) lib/action_dispatch/middleware/request_id.rb:21:in `call'
  rack (1.5.2) lib/rack/methodoverride.rb:21:in `call'
  rack (1.5.2) lib/rack/runtime.rb:17:in `call'
  activesupport (4.0.2) lib/active_support/cache/strategy/local_cache.rb:83:in `call'
  rack (1.5.2) lib/rack/lock.rb:17:in `call'
  actionpack (4.0.2) lib/action_dispatch/middleware/static.rb:64:in `call'
  rack (1.5.2) lib/rack/sendfile.rb:112:in `call'
  railties (4.0.2) lib/rails/engine.rb:511:in `call'
  railties (4.0.2) lib/rails/application.rb:97:in `call'
  rack (1.5.2) lib/rack/lock.rb:17:in `call'
  rack (1.5.2) lib/rack/content_length.rb:14:in `call'
  rack (1.5.2) lib/rack/handler/webrick.rb:60:in `service'
  /home/webonise/.rvm/rubies/ruby-2.1.0/lib/ruby/2.1.0/webrick/httpserver.rb:138:in `service'
  /home/webonise/.rvm/rubies/ruby-2.1.0/lib/ruby/2.1.0/webrick/httpserver.rb:94:in `run'
  /home/webonise/.rvm/rubies/ruby-2.1.0/lib/ruby/2.1.0/webrick/server.rb:295:in `block in start_thread'


  Rendered /home/webonise/.rvm/gems/ruby-2.1.0/gems/actionpack-4.0.2/lib/action_dispatch/middleware/templates/rescues/_source.erb (0.6ms)
  Rendered /home/webonise/.rvm/gems/ruby-2.1.0/gems/actionpack-4.0.2/lib/action_dispatch/middleware/templates/rescues/_trace.erb (1.0ms)
  Rendered /home/webonise/.rvm/gems/ruby-2.1.0/gems/actionpack-4.0.2/lib/action_dispatch/middleware/templates/rescues/_request_and_response.erb (0.8ms)
  Rendered /home/webonise/.rvm/gems/ruby-2.1.0/gems/actionpack-4.0.2/lib/action_dispatch/middleware/templates/rescues/diagnostics.erb within rescues/layout (11.4ms)


Started GET "/" for 127.0.0.1 at 2014-01-03 12:56:22 +0530
Processing by Rails::WelcomeController#index as HTML
  Rendered /home/webonise/.rvm/gems/ruby-2.1.0/gems/railties-4.0.2/lib/rails/templates/rails/welcome/index.html.erb (1.3ms)
Completed 200 OK in 35ms (Views: 16.4ms | ActiveRecord: 0.0ms)


Started GET "/" for 127.0.0.1 at 2014-01-03 12:57:17 +0530
Processing by Rails::WelcomeController#index as HTML
  Rendered /home/webonise/.rvm/gems/ruby-2.1.0/gems/railties-4.0.2/lib/rails/templates/rails/welcome/index.html.erb (0.0ms)
Completed 200 OK in 2ms (Views: 1.4ms | ActiveRecord: 0.0ms)


Started GET "/" for 127.0.0.1 at 2014-01-03 12:58:29 +0530
Processing by Rails::WelcomeController#index as HTML
  Rendered /home/webonise/.rvm/gems/ruby-2.1.0/gems/railties-4.0.2/lib/rails/templates/rails/welcome/index.html.erb (0.1ms)
Completed 200 OK in 3ms (Views: 2.4ms | ActiveRecord: 0.0ms)


Started GET "/" for 127.0.0.1 at 2014-01-03 13:30:25 +0530
Processing by Rails::WelcomeController#index as HTML
  Rendered /home/webonise/.rvm/gems/ruby-2.1.0/gems/railties-4.0.2/lib/rails/templates/rails/welcome/index.html.erb (0.1ms)
Completed 200 OK in 3ms (Views: 2.0ms | ActiveRecord: 0.0ms)


Started GET "/" for 127.0.0.1 at 2014-01-03 13:34:49 +0530
Processing by Rails::WelcomeController#index as HTML
  Rendered /home/webonise/.rvm/gems/ruby-2.1.0/gems/railties-4.0.2/lib/rails/templates/rails/welcome/index.html.erb (0.1ms)
Completed 200 OK in 2ms (Views: 1.9ms | ActiveRecord: 0.0ms)


Started GET "/" for 127.0.0.1 at 2014-01-03 13:35:17 +0530
Processing by Rails::WelcomeController#index as HTML
  Rendered /home/webonise/.rvm/gems/ruby-2.1.0/gems/railties-4.0.2/lib/rails/templates/rails/welcome/index.html.erb (0.1ms)
Completed 200 OK in 2ms (Views: 2.0ms | ActiveRecord: 0.0ms)


Started GET "/" for 127.0.0.1 at 2014-01-03 13:37:21 +0530
Processing by Rails::WelcomeController#index as HTML
  Rendered /home/webonise/.rvm/gems/ruby-2.1.0/gems/railties-4.0.2/lib/rails/templates/rails/welcome/index.html.erb (0.0ms)
Completed 200 OK in 2ms (Views: 1.4ms | ActiveRecord: 0.0ms)


Started GET "/welcome/index" for 127.0.0.1 at 2014-01-03 13:37:56 +0530

ActionController::RoutingError (No route matches [GET] "/welcome/index"):
  actionpack (4.0.2) lib/action_dispatch/middleware/debug_exceptions.rb:21:in `call'
  actionpack (4.0.2) lib/action_dispatch/middleware/show_exceptions.rb:30:in `call'
  railties (4.0.2) lib/rails/rack/logger.rb:38:in `call_app'
  railties (4.0.2) lib/rails/rack/logger.rb:20:in `block in call'
  activesupport (4.0.2) lib/active_support/tagged_logging.rb:67:in `block in tagged'
  activesupport (4.0.2) lib/active_support/tagged_logging.rb:25:in `tagged'
  activesupport (4.0.2) lib/active_support/tagged_logging.rb:67:in `tagged'
  railties (4.0.2) lib/rails/rack/logger.rb:20:in `call'
  actionpack (4.0.2) lib/action_dispatch/middleware/request_id.rb:21:in `call'
  rack (1.5.2) lib/rack/methodoverride.rb:21:in `call'
  rack (1.5.2) lib/rack/runtime.rb:17:in `call'
  activesupport (4.0.2) lib/active_support/cache/strategy/local_cache.rb:83:in `call'
  rack (1.5.2) lib/rack/lock.rb:17:in `call'
  actionpack (4.0.2) lib/action_dispatch/middleware/static.rb:64:in `call'
  rack (1.5.2) lib/rack/sendfile.rb:112:in `call'
  railties (4.0.2) lib/rails/engine.rb:511:in `call'
  railties (4.0.2) lib/rails/application.rb:97:in `call'
  rack (1.5.2) lib/rack/lock.rb:17:in `call'
  rack (1.5.2) lib/rack/content_length.rb:14:in `call'
  rack (1.5.2) lib/rack/handler/webrick.rb:60:in `service'
  /home/webonise/.rvm/rubies/ruby-2.1.0/lib/ruby/2.1.0/webrick/httpserver.rb:138:in `service'
  /home/webonise/.rvm/rubies/ruby-2.1.0/lib/ruby/2.1.0/webrick/httpserver.rb:94:in `run'
  /home/webonise/.rvm/rubies/ruby-2.1.0/lib/ruby/2.1.0/webrick/server.rb:295:in `block in start_thread'


  Rendered /home/webonise/.rvm/gems/ruby-2.1.0/gems/actionpack-4.0.2/lib/action_dispatch/middleware/templates/rescues/_trace.erb (1.8ms)
  Rendered /home/webonise/.rvm/gems/ruby-2.1.0/gems/actionpack-4.0.2/lib/action_dispatch/middleware/templates/routes/_table.html.erb (5.6ms)
  Rendered /home/webonise/.rvm/gems/ruby-2.1.0/gems/actionpack-4.0.2/lib/action_dispatch/middleware/templates/rescues/routing_error.erb within rescues/layout (32.4ms)


Started GET "/welcome/index" for 127.0.0.1 at 2014-01-03 13:38:46 +0530

ActionController::RoutingError (No route matches [GET] "/welcome/index"):
  actionpack (4.0.2) lib/action_dispatch/middleware/debug_exceptions.rb:21:in `call'
  actionpack (4.0.2) lib/action_dispatch/middleware/show_exceptions.rb:30:in `call'
  railties (4.0.2) lib/rails/rack/logger.rb:38:in `call_app'
  railties (4.0.2) lib/rails/rack/logger.rb:20:in `block in call'
  activesupport (4.0.2) lib/active_support/tagged_logging.rb:67:in `block in tagged'
  activesupport (4.0.2) lib/active_support/tagged_logging.rb:25:in `tagged'
  activesupport (4.0.2) lib/active_support/tagged_logging.rb:67:in `tagged'
  railties (4.0.2) lib/rails/rack/logger.rb:20:in `call'
  actionpack (4.0.2) lib/action_dispatch/middleware/request_id.rb:21:in `call'
  rack (1.5.2) lib/rack/methodoverride.rb:21:in `call'
  rack (1.5.2) lib/rack/runtime.rb:17:in `call'
  activesupport (4.0.2) lib/active_support/cache/strategy/local_cache.rb:83:in `call'
  rack (1.5.2) lib/rack/lock.rb:17:in `call'
  actionpack (4.0.2) lib/action_dispatch/middleware/static.rb:64:in `call'
  rack (1.5.2) lib/rack/sendfile.rb:112:in `call'
  railties (4.0.2) lib/rails/engine.rb:511:in `call'
  railties (4.0.2) lib/rails/application.rb:97:in `call'
  rack (1.5.2) lib/rack/lock.rb:17:in `call'
  rack (1.5.2) lib/rack/content_length.rb:14:in `call'
  rack (1.5.2) lib/rack/handler/webrick.rb:60:in `service'
  /home/webonise/.rvm/rubies/ruby-2.1.0/lib/ruby/2.1.0/webrick/httpserver.rb:138:in `service'
  /home/webonise/.rvm/rubies/ruby-2.1.0/lib/ruby/2.1.0/webrick/httpserver.rb:94:in `run'
  /home/webonise/.rvm/rubies/ruby-2.1.0/lib/ruby/2.1.0/webrick/server.rb:295:in `block in start_thread'


  Rendered /home/webonise/.rvm/gems/ruby-2.1.0/gems/actionpack-4.0.2/lib/action_dispatch/middleware/templates/rescues/_trace.erb (0.9ms)
  Rendered /home/webonise/.rvm/gems/ruby-2.1.0/gems/actionpack-4.0.2/lib/action_dispatch/middleware/templates/routes/_table.html.erb (1.5ms)
  Rendered /home/webonise/.rvm/gems/ruby-2.1.0/gems/actionpack-4.0.2/lib/action_dispatch/middleware/templates/rescues/routing_error.erb within rescues/layout (8.0ms)


Started GET "/" for 127.0.0.1 at 2014-01-03 13:41:58 +0530
Processing by Rails::WelcomeController#index as HTML
  Rendered /home/webonise/.rvm/gems/ruby-2.1.0/gems/railties-4.0.2/lib/rails/templates/rails/welcome/index.html.erb (0.1ms)
Completed 200 OK in 2ms (Views: 1.9ms | ActiveRecord: 0.0ms)


Started GET "/" for 127.0.0.1 at 2014-01-03 13:42:03 +0530
Processing by Rails::WelcomeController#index as HTML
  Rendered /home/webonise/.rvm/gems/ruby-2.1.0/gems/railties-4.0.2/lib/rails/templates/rails/welcome/index.html.erb (0.1ms)
Completed 200 OK in 2ms (Views: 1.9ms | ActiveRecord: 0.0ms)


Started GET "/" for 127.0.0.1 at 2014-01-03 13:42:08 +0530
Processing by Rails::WelcomeController#index as HTML
  Rendered /home/webonise/.rvm/gems/ruby-2.1.0/gems/railties-4.0.2/lib/rails/templates/rails/welcome/index.html.erb (0.1ms)
Completed 200 OK in 3ms (Views: 2.1ms | ActiveRecord: 0.0ms)


Started GET "/" for 127.0.0.1 at 2014-01-03 13:44:14 +0530
Processing by Rails::WelcomeController#index as HTML
  Rendered /home/webonise/.rvm/gems/ruby-2.1.0/gems/railties-4.0.2/lib/rails/templates/rails/welcome/index.html.erb (0.0ms)
Completed 200 OK in 1ms (Views: 1.0ms | ActiveRecord: 0.0ms)


Started GET "/" for 127.0.0.1 at 2014-01-03 13:44:38 +0530
Processing by Rails::WelcomeController#index as HTML
  Rendered /home/webonise/.rvm/gems/ruby-2.1.0/gems/railties-4.0.2/lib/rails/templates/rails/welcome/index.html.erb (0.1ms)
Completed 200 OK in 2ms (Views: 1.9ms | ActiveRecord: 0.0ms)


Started GET "/" for 127.0.0.1 at 2014-01-03 13:44:39 +0530
Processing by Rails::WelcomeController#index as HTML
  Rendered /home/webonise/.rvm/gems/ruby-2.1.0/gems/railties-4.0.2/lib/rails/templates/rails/welcome/index.html.erb (0.1ms)
Completed 200 OK in 2ms (Views: 1.9ms | ActiveRecord: 0.0ms)
