# Logfile created on 2014-01-03 11:26:04 +0530 by logger.rb/44203
I, [2014-01-03T11:26:04.517114 #5996]  INFO -- : 0:  rake (10.1.1) from /home/webonise/.rvm/gems/ruby-2.1.0@local/specifications/rake-10.1.1.gemspec
I, [2014-01-03T11:26:04.517403 #5996]  INFO -- : 0:  i18n (0.6.9) from /home/webonise/.rvm/gems/ruby-2.1.0@local/specifications/i18n-0.6.9.gemspec
I, [2014-01-03T11:26:04.602844 #5996]  INFO -- : 0:  minitest (4.7.5) from /home/webonise/.rvm/gems/ruby-2.1.0@local/specifications/minitest-4.7.5.gemspec
I, [2014-01-03T11:26:04.603483 #5996]  INFO -- : 0:  multi_json (1.8.2) from /home/webonise/.rvm/gems/ruby-2.1.0@local/specifications/multi_json-1.8.2.gemspec
I, [2014-01-03T11:26:04.603925 #5996]  INFO -- : 0:  atomic (1.1.14) from /home/webonise/.rvm/gems/ruby-2.1.0@local/specifications/atomic-1.1.14.gemspec
I, [2014-01-03T11:26:04.604364 #5996]  INFO -- : 0:  thread_safe (0.1.3) from /home/webonise/.rvm/gems/ruby-2.1.0@local/specifications/thread_safe-0.1.3.gemspec
I, [2014-01-03T11:26:04.604791 #5996]  INFO -- : 0:  tzinfo (0.3.38) from /home/webonise/.rvm/gems/ruby-2.1.0@local/specifications/tzinfo-0.3.38.gemspec
I, [2014-01-03T11:26:04.605217 #5996]  INFO -- : 0:  activesupport (4.0.2) from /home/webonise/.rvm/gems/ruby-2.1.0@local/specifications/activesupport-4.0.2.gemspec
I, [2014-01-03T11:26:04.605645 #5996]  INFO -- : 0:  builder (3.1.4) from /home/webonise/.rvm/gems/ruby-2.1.0@local/specifications/builder-3.1.4.gemspec
I, [2014-01-03T11:26:04.606085 #5996]  INFO -- : 0:  erubis (2.7.0) from /home/webonise/.rvm/gems/ruby-2.1.0@local/specifications/erubis-2.7.0.gemspec
I, [2014-01-03T11:26:04.606511 #5996]  INFO -- : 0:  rack (1.5.2) from /home/webonise/.rvm/gems/ruby-2.1.0@local/specifications/rack-1.5.2.gemspec
I, [2014-01-03T11:26:04.606928 #5996]  INFO -- : 0:  rack-test (0.6.2) from /home/webonise/.rvm/gems/ruby-2.1.0@local/specifications/rack-test-0.6.2.gemspec
I, [2014-01-03T11:26:04.607355 #5996]  INFO -- : 0:  actionpack (4.0.2) from /home/webonise/.rvm/gems/ruby-2.1.0@local/specifications/actionpack-4.0.2.gemspec
I, [2014-01-03T11:26:04.607777 #5996]  INFO -- : 0:  mime-types (1.25.1) from /home/webonise/.rvm/gems/ruby-2.1.0@local/specifications/mime-types-1.25.1.gemspec
I, [2014-01-03T11:26:04.608196 #5996]  INFO -- : 0:  polyglot (0.3.3) from /home/webonise/.rvm/gems/ruby-2.1.0@local/specifications/polyglot-0.3.3.gemspec
I, [2014-01-03T11:26:04.608608 #5996]  INFO -- : 0:  treetop (1.4.15) from /home/webonise/.rvm/gems/ruby-2.1.0@local/specifications/treetop-1.4.15.gemspec
I, [2014-01-03T11:26:04.609028 #5996]  INFO -- : 0:  mail (2.5.4) from /home/webonise/.rvm/gems/ruby-2.1.0@local/specifications/mail-2.5.4.gemspec
I, [2014-01-03T11:26:04.609445 #5996]  INFO -- : 0:  actionmailer (4.0.2) from /home/webonise/.rvm/gems/ruby-2.1.0@local/specifications/actionmailer-4.0.2.gemspec
I, [2014-01-03T11:26:04.609845 #5996]  INFO -- : 0:  activemodel (4.0.2) from /home/webonise/.rvm/gems/ruby-2.1.0@local/specifications/activemodel-4.0.2.gemspec
I, [2014-01-03T11:26:04.610205 #5996]  INFO -- : 0:  activerecord-deprecated_finders (1.0.3) from /home/webonise/.rvm/gems/ruby-2.1.0@local/specifications/activerecord-deprecated_finders-1.0.3.gemspec
I, [2014-01-03T11:26:04.610591 #5996]  INFO -- : 0:  arel (4.0.1) from /home/webonise/.rvm/gems/ruby-2.1.0@local/specifications/arel-4.0.1.gemspec
I, [2014-01-03T11:26:04.610799 #5996]  INFO -- : 0:  activerecord (4.0.2) from /home/webonise/.rvm/gems/ruby-2.1.0@local/specifications/activerecord-4.0.2.gemspec
I, [2014-01-03T11:26:04.611006 #5996]  INFO -- : 0:  bundler (1.5.0) from /home/webonise/.rvm/gems/ruby-2.1.0@global/specifications/bundler-1.5.0.gemspec
I, [2014-01-03T11:26:04.611212 #5996]  INFO -- : 0:  coffee-script-source (1.6.3) from /home/webonise/.rvm/gems/ruby-2.1.0@local/specifications/coffee-script-source-1.6.3.gemspec
I, [2014-01-03T11:26:04.611419 #5996]  INFO -- : 0:  execjs (2.0.2) from /home/webonise/.rvm/gems/ruby-2.1.0@local/specifications/execjs-2.0.2.gemspec
I, [2014-01-03T11:26:04.611628 #5996]  INFO -- : 0:  coffee-script (2.2.0) from /home/webonise/.rvm/gems/ruby-2.1.0@local/specifications/coffee-script-2.2.0.gemspec
I, [2014-01-03T11:26:04.611848 #5996]  INFO -- : 0:  thor (0.18.1) from /home/webonise/.rvm/gems/ruby-2.1.0@local/specifications/thor-0.18.1.gemspec
I, [2014-01-03T11:26:04.612053 #5996]  INFO -- : 0:  railties (4.0.2) from /home/webonise/.rvm/gems/ruby-2.1.0@local/specifications/railties-4.0.2.gemspec
I, [2014-01-03T11:26:04.612260 #5996]  INFO -- : 0:  coffee-rails (4.0.1) from /home/webonise/.rvm/gems/ruby-2.1.0@local/specifications/coffee-rails-4.0.1.gemspec
I, [2014-01-03T11:26:04.612455 #5996]  INFO -- : 0:  hike (1.2.3) from /home/webonise/.rvm/gems/ruby-2.1.0@local/specifications/hike-1.2.3.gemspec
I, [2014-01-03T11:26:04.612660 #5996]  INFO -- : 0:  jbuilder (1.5.3) from /home/webonise/.rvm/gems/ruby-2.1.0@local/specifications/jbuilder-1.5.3.gemspec
I, [2014-01-03T11:26:04.612868 #5996]  INFO -- : 0:  jquery-rails (3.0.4) from /home/webonise/.rvm/gems/ruby-2.1.0@local/specifications/jquery-rails-3.0.4.gemspec
I, [2014-01-03T11:26:05.485365 #5996]  INFO -- : 0:  json (1.8.1) from /home/webonise/.rvm/gems/ruby-2.1.0@local/specifications/json-1.8.1.gemspec
E, [2014-01-03T11:26:14.991351 #5996] ERROR -- : Gem::Installer::ExtensionBuildError: ERROR: Failed to build gem native extension.

    /home/webonise/.rvm/rubies/ruby-2.1.0/bin/ruby extconf.rb 
checking for ruby/thread.h... yes
checking for rb_thread_call_without_gvl() in ruby/thread.h... yes
checking for rb_thread_blocking_region()... yes
checking for rb_wait_for_single_fd()... yes
checking for rb_hash_dup()... yes
checking for rb_intern3()... yes
checking for mysql_query() in -lmysqlclient... no
checking for main() in -lm... yes
checking for mysql_query() in -lmysqlclient... no
checking for main() in -lz... yes
checking for mysql_query() in -lmysqlclient... no
checking for main() in -lsocket... no
checking for mysql_query() in -lmysqlclient... no
checking for main() in -lnsl... yes
checking for mysql_query() in -lmysqlclient... no
checking for main() in -lmygcc... no
checking for mysql_query() in -lmysqlclient... no
*** extconf.rb failed ***
Could not create Makefile due to some reason, probably lack of necessary
libraries and/or headers.  Check the mkmf.log file for more details.  You may
need configuration options.

Provided configuration options:
	--with-opt-dir
	--without-opt-dir
	--with-opt-include
	--without-opt-include=${opt-dir}/include
	--with-opt-lib
	--without-opt-lib=${opt-dir}/lib
	--with-make-prog
	--without-make-prog
	--srcdir=.
	--curdir
	--ruby=/home/webonise/.rvm/rubies/ruby-2.1.0/bin/ruby
	--with-mysql-dir
	--without-mysql-dir
	--with-mysql-include
	--without-mysql-include=${mysql-dir}/include
	--with-mysql-lib
	--without-mysql-lib=${mysql-dir}/lib
	--with-mysql-config
	--without-mysql-config
	--with-mysql-dir
	--without-mysql-dir
	--with-mysql-include
	--without-mysql-include=${mysql-dir}/include
	--with-mysql-lib
	--without-mysql-lib=${mysql-dir}/lib
	--with-mysqlclientlib
	--without-mysqlclientlib
	--with-mlib
	--without-mlib
	--with-mysqlclientlib
	--without-mysqlclientlib
	--with-zlib
	--without-zlib
	--with-mysqlclientlib
	--without-mysqlclientlib
	--with-socketlib
	--without-socketlib
	--with-mysqlclientlib
	--without-mysqlclientlib
	--with-nsllib
	--without-nsllib
	--with-mysqlclientlib
	--without-mysqlclientlib
	--with-mygcclib
	--without-mygcclib
	--with-mysqlclientlib
	--without-mysqlclientlib


Gem files will remain installed in /home/webonise/.rvm/gems/ruby-2.1.0@local/gems/mysql2-0.3.14 for inspection.
Results logged to /home/webonise/.rvm/gems/ruby-2.1.0@local/gems/mysql2-0.3.14/ext/mysql2/gem_make.out

/home/webonise/.rvm/rubies/ruby-2.1.0/lib/ruby/site_ruby/2.1.0/rubygems/ext/builder.rb:77:in `run'  \n/home/webonise/.rvm/rubies/ruby-2.1.0/lib/ruby/site_ruby/2.1.0/rubygems/ext/ext_conf_builder.rb:39:in `block in build'  \n/home/webonise/.rvm/rubies/ruby-2.1.0/lib/ruby/2.1.0/tempfile.rb:324:in `open'  \n/home/webonise/.rvm/rubies/ruby-2.1.0/lib/ruby/site_ruby/2.1.0/rubygems/ext/ext_conf_builder.rb:19:in `build'  \n/home/webonise/.rvm/rubies/ruby-2.1.0/lib/ruby/site_ruby/2.1.0/rubygems/ext/builder.rb:148:in `block (2 levels) in build_extension'  \n/home/webonise/.rvm/rubies/ruby-2.1.0/lib/ruby/site_ruby/2.1.0/rubygems/ext/builder.rb:147:in `chdir'  \n/home/webonise/.rvm/rubies/ruby-2.1.0/lib/ruby/site_ruby/2.1.0/rubygems/ext/builder.rb:147:in `block in build_extension'  \n/home/webonise/.rvm/rubies/ruby-2.1.0/lib/ruby/site_ruby/2.1.0/rubygems/ext/builder.rb:146:in `synchronize'  \n/home/webonise/.rvm/rubies/ruby-2.1.0/lib/ruby/site_ruby/2.1.0/rubygems/ext/builder.rb:146:in `build_extension'  \n/home/webonise/.rvm/rubies/ruby-2.1.0/lib/ruby/site_ruby/2.1.0/rubygems/ext/builder.rb:180:in `block in build_extensions'  \n/home/webonise/.rvm/rubies/ruby-2.1.0/lib/ruby/site_ruby/2.1.0/rubygems/ext/builder.rb:177:in `each'  \n/home/webonise/.rvm/rubies/ruby-2.1.0/lib/ruby/site_ruby/2.1.0/rubygems/ext/builder.rb:177:in `build_extensions'  \n/home/webonise/.rvm/rubies/ruby-2.1.0/lib/ruby/site_ruby/2.1.0/rubygems/installer.rb:667:in `build_extensions'  \n/home/webonise/.rvm/rubies/ruby-2.1.0/lib/ruby/site_ruby/2.1.0/rubygems/installer.rb:225:in `install'  \n/home/webonise/.rvm/gems/ruby-2.1.0@global/gems/bundler-1.5.0/lib/bundler/source/rubygems.rb:101:in `block in install'  \n/home/webonise/.rvm/gems/ruby-2.1.0@global/gems/bundler-1.5.0/lib/bundler/rubygems_integration.rb:118:in `preserve_paths'  \n/home/webonise/.rvm/gems/ruby-2.1.0@global/gems/bundler-1.5.0/lib/bundler/source/rubygems.rb:94:in `install'  \n/home/webonise/.rvm/gems/ruby-2.1.0@global/gems/bundler-1.5.0/lib/bundler/installer.rb:111:in `block in install_gem_from_spec'  \n/home/webonise/.rvm/gems/ruby-2.1.0@global/gems/bundler-1.5.0/lib/bundler/rubygems_integration.rb:150:in `with_build_args'  \n/home/webonise/.rvm/gems/ruby-2.1.0@global/gems/bundler-1.5.0/lib/bundler/installer.rb:110:in `install_gem_from_spec'  \n/home/webonise/.rvm/gems/ruby-2.1.0@global/gems/bundler-1.5.0/lib/bundler/installer.rb:295:in `block in install_sequentially'  \n/home/webonise/.rvm/rubies/ruby-2.1.0/lib/ruby/2.1.0/forwardable.rb:183:in `each'  \n/home/webonise/.rvm/rubies/ruby-2.1.0/lib/ruby/2.1.0/forwardable.rb:183:in `each'  \n/home/webonise/.rvm/gems/ruby-2.1.0@global/gems/bundler-1.5.0/lib/bundler/installer.rb:294:in `install_sequentially'  \n/home/webonise/.rvm/gems/ruby-2.1.0@global/gems/bundler-1.5.0/lib/bundler/installer.rb:97:in `run'  \n/home/webonise/.rvm/gems/ruby-2.1.0@global/gems/bundler-1.5.0/lib/bundler/installer.rb:15:in `install'  \n/home/webonise/.rvm/gems/ruby-2.1.0@global/gems/bundler-1.5.0/lib/bundler/cli.rb:257:in `install'  \n/home/webonise/.rvm/gems/ruby-2.1.0@global/gems/bundler-1.5.0/lib/bundler/vendor/thor/command.rb:27:in `run'  \n/home/webonise/.rvm/gems/ruby-2.1.0@global/gems/bundler-1.5.0/lib/bundler/vendor/thor/invocation.rb:120:in `invoke_command'  \n/home/webonise/.rvm/gems/ruby-2.1.0@global/gems/bundler-1.5.0/lib/bundler/vendor/thor.rb:363:in `dispatch'  \n/home/webonise/.rvm/gems/ruby-2.1.0@global/gems/bundler-1.5.0/lib/bundler/vendor/thor/base.rb:438:in `start'  \n/home/webonise/.rvm/gems/ruby-2.1.0@global/gems/bundler-1.5.0/lib/bundler/cli.rb:10:in `start'  \n/home/webonise/.rvm/gems/ruby-2.1.0@global/gems/bundler-1.5.0/bin/bundle:22:in `block in <main>'  \n/home/webonise/.rvm/gems/ruby-2.1.0@global/gems/bundler-1.5.0/lib/bundler/friendly_errors.rb:5:in `with_friendly_errors'  \n/home/webonise/.rvm/gems/ruby-2.1.0@global/gems/bundler-1.5.0/bin/bundle:22:in `<main>'
I, [2014-01-03T11:29:53.442102 #6314]  INFO -- : 0:  rake (10.1.1) from /home/webonise/.rvm/gems/ruby-2.1.0/specifications/rake-10.1.1.gemspec
I, [2014-01-03T11:29:53.442447 #6314]  INFO -- : 0:  i18n (0.6.9) from /home/webonise/.rvm/gems/ruby-2.1.0/specifications/i18n-0.6.9.gemspec
I, [2014-01-03T11:29:53.529696 #6314]  INFO -- : 0:  minitest (4.7.5) from /home/webonise/.rvm/gems/ruby-2.1.0/specifications/minitest-4.7.5.gemspec
I, [2014-01-03T11:29:53.530343 #6314]  INFO -- : 0:  multi_json (1.8.2) from /home/webonise/.rvm/gems/ruby-2.1.0/specifications/multi_json-1.8.2.gemspec
I, [2014-01-03T11:29:53.530843 #6314]  INFO -- : 0:  atomic (1.1.14) from /home/webonise/.rvm/gems/ruby-2.1.0/specifications/atomic-1.1.14.gemspec
I, [2014-01-03T11:29:53.531340 #6314]  INFO -- : 0:  thread_safe (0.1.3) from /home/webonise/.rvm/gems/ruby-2.1.0/specifications/thread_safe-0.1.3.gemspec
I, [2014-01-03T11:29:53.531819 #6314]  INFO -- : 0:  tzinfo (0.3.38) from /home/webonise/.rvm/gems/ruby-2.1.0/specifications/tzinfo-0.3.38.gemspec
I, [2014-01-03T11:29:53.532295 #6314]  INFO -- : 0:  activesupport (4.0.2) from /home/webonise/.rvm/gems/ruby-2.1.0/specifications/activesupport-4.0.2.gemspec
I, [2014-01-03T11:29:53.532769 #6314]  INFO -- : 0:  builder (3.1.4) from /home/webonise/.rvm/gems/ruby-2.1.0/specifications/builder-3.1.4.gemspec
I, [2014-01-03T11:29:53.533248 #6314]  INFO -- : 0:  erubis (2.7.0) from /home/webonise/.rvm/gems/ruby-2.1.0/specifications/erubis-2.7.0.gemspec
I, [2014-01-03T11:29:53.533700 #6314]  INFO -- : 0:  rack (1.5.2) from /home/webonise/.rvm/gems/ruby-2.1.0/specifications/rack-1.5.2.gemspec
I, [2014-01-03T11:29:53.534109 #6314]  INFO -- : 0:  rack-test (0.6.2) from /home/webonise/.rvm/gems/ruby-2.1.0/specifications/rack-test-0.6.2.gemspec
I, [2014-01-03T11:29:53.534345 #6314]  INFO -- : 0:  actionpack (4.0.2) from /home/webonise/.rvm/gems/ruby-2.1.0/specifications/actionpack-4.0.2.gemspec
I, [2014-01-03T11:29:53.534574 #6314]  INFO -- : 0:  mime-types (1.25.1) from /home/webonise/.rvm/gems/ruby-2.1.0/specifications/mime-types-1.25.1.gemspec
I, [2014-01-03T11:29:53.534808 #6314]  INFO -- : 0:  polyglot (0.3.3) from /home/webonise/.rvm/gems/ruby-2.1.0/specifications/polyglot-0.3.3.gemspec
I, [2014-01-03T11:29:53.535043 #6314]  INFO -- : 0:  treetop (1.4.15) from /home/webonise/.rvm/gems/ruby-2.1.0/specifications/treetop-1.4.15.gemspec
I, [2014-01-03T11:29:53.535274 #6314]  INFO -- : 0:  mail (2.5.4) from /home/webonise/.rvm/gems/ruby-2.1.0/specifications/mail-2.5.4.gemspec
I, [2014-01-03T11:29:53.535492 #6314]  INFO -- : 0:  actionmailer (4.0.2) from /home/webonise/.rvm/gems/ruby-2.1.0/specifications/actionmailer-4.0.2.gemspec
I, [2014-01-03T11:29:53.535720 #6314]  INFO -- : 0:  activemodel (4.0.2) from /home/webonise/.rvm/gems/ruby-2.1.0/specifications/activemodel-4.0.2.gemspec
I, [2014-01-03T11:29:53.535961 #6314]  INFO -- : 0:  activerecord-deprecated_finders (1.0.3) from /home/webonise/.rvm/gems/ruby-2.1.0/specifications/activerecord-deprecated_finders-1.0.3.gemspec
I, [2014-01-03T11:29:53.536188 #6314]  INFO -- : 0:  arel (4.0.1) from /home/webonise/.rvm/gems/ruby-2.1.0/specifications/arel-4.0.1.gemspec
I, [2014-01-03T11:29:53.536415 #6314]  INFO -- : 0:  activerecord (4.0.2) from /home/webonise/.rvm/gems/ruby-2.1.0/specifications/activerecord-4.0.2.gemspec
I, [2014-01-03T11:29:53.536648 #6314]  INFO -- : 0:  bundler (1.5.0) from /home/webonise/.rvm/gems/ruby-2.1.0@global/specifications/bundler-1.5.0.gemspec
I, [2014-01-03T11:29:53.536873 #6314]  INFO -- : 0:  coffee-script-source (1.6.3) from /home/webonise/.rvm/gems/ruby-2.1.0/specifications/coffee-script-source-1.6.3.gemspec
I, [2014-01-03T11:29:53.537104 #6314]  INFO -- : 0:  execjs (2.0.2) from /home/webonise/.rvm/gems/ruby-2.1.0/specifications/execjs-2.0.2.gemspec
I, [2014-01-03T11:29:53.537333 #6314]  INFO -- : 0:  coffee-script (2.2.0) from /home/webonise/.rvm/gems/ruby-2.1.0/specifications/coffee-script-2.2.0.gemspec
I, [2014-01-03T11:29:53.537563 #6314]  INFO -- : 0:  thor (0.18.1) from /home/webonise/.rvm/gems/ruby-2.1.0/specifications/thor-0.18.1.gemspec
I, [2014-01-03T11:29:53.537785 #6314]  INFO -- : 0:  railties (4.0.2) from /home/webonise/.rvm/gems/ruby-2.1.0/specifications/railties-4.0.2.gemspec
I, [2014-01-03T11:29:53.538020 #6314]  INFO -- : 0:  coffee-rails (4.0.1) from /home/webonise/.rvm/gems/ruby-2.1.0/specifications/coffee-rails-4.0.1.gemspec
I, [2014-01-03T11:29:53.538248 #6314]  INFO -- : 0:  hike (1.2.3) from /home/webonise/.rvm/gems/ruby-2.1.0/specifications/hike-1.2.3.gemspec
I, [2014-01-03T11:29:53.538478 #6314]  INFO -- : 0:  jbuilder (1.5.3) from /home/webonise/.rvm/gems/ruby-2.1.0/specifications/jbuilder-1.5.3.gemspec
I, [2014-01-03T11:29:53.538708 #6314]  INFO -- : 0:  jquery-rails (3.0.4) from /home/webonise/.rvm/gems/ruby-2.1.0/specifications/jquery-rails-3.0.4.gemspec
I, [2014-01-03T11:29:54.412220 #6314]  INFO -- : 0:  json (1.8.1) from /home/webonise/.rvm/gems/ruby-2.1.0/specifications/json-1.8.1.gemspec
E, [2014-01-03T11:29:57.829021 #6314] ERROR -- : Gem::Installer::ExtensionBuildError: ERROR: Failed to build gem native extension.

    /home/webonise/.rvm/rubies/ruby-2.1.0/bin/ruby extconf.rb 
checking for ruby/thread.h... yes
checking for rb_thread_call_without_gvl() in ruby/thread.h... yes
checking for rb_thread_blocking_region()... yes
checking for rb_wait_for_single_fd()... yes
checking for rb_hash_dup()... yes
checking for rb_intern3()... yes
checking for mysql_query() in -lmysqlclient... no
checking for main() in -lm... yes
checking for mysql_query() in -lmysqlclient... no
checking for main() in -lz... yes
checking for mysql_query() in -lmysqlclient... no
checking for main() in -lsocket... no
checking for mysql_query() in -lmysqlclient... no
checking for main() in -lnsl... yes
checking for mysql_query() in -lmysqlclient... no
checking for main() in -lmygcc... no
checking for mysql_query() in -lmysqlclient... no
*** extconf.rb failed ***
Could not create Makefile due to some reason, probably lack of necessary
libraries and/or headers.  Check the mkmf.log file for more details.  You may
need configuration options.

Provided configuration options:
	--with-opt-dir
	--without-opt-dir
	--with-opt-include
	--without-opt-include=${opt-dir}/include
	--with-opt-lib
	--without-opt-lib=${opt-dir}/lib
	--with-make-prog
	--without-make-prog
	--srcdir=.
	--curdir
	--ruby=/home/webonise/.rvm/rubies/ruby-2.1.0/bin/ruby
	--with-mysql-dir
	--without-mysql-dir
	--with-mysql-include
	--without-mysql-include=${mysql-dir}/include
	--with-mysql-lib
	--without-mysql-lib=${mysql-dir}/lib
	--with-mysql-config
	--without-mysql-config
	--with-mysql-dir
	--without-mysql-dir
	--with-mysql-include
	--without-mysql-include=${mysql-dir}/include
	--with-mysql-lib
	--without-mysql-lib=${mysql-dir}/lib
	--with-mysqlclientlib
	--without-mysqlclientlib
	--with-mlib
	--without-mlib
	--with-mysqlclientlib
	--without-mysqlclientlib
	--with-zlib
	--without-zlib
	--with-mysqlclientlib
	--without-mysqlclientlib
	--with-socketlib
	--without-socketlib
	--with-mysqlclientlib
	--without-mysqlclientlib
	--with-nsllib
	--without-nsllib
	--with-mysqlclientlib
	--without-mysqlclientlib
	--with-mygcclib
	--without-mygcclib
	--with-mysqlclientlib
	--without-mysqlclientlib


Gem files will remain installed in /home/webonise/.rvm/gems/ruby-2.1.0/gems/mysql2-0.3.14 for inspection.
Results logged to /home/webonise/.rvm/gems/ruby-2.1.0/gems/mysql2-0.3.14/ext/mysql2/gem_make.out

/home/webonise/.rvm/rubies/ruby-2.1.0/lib/ruby/site_ruby/2.1.0/rubygems/ext/builder.rb:77:in `run'  \n/home/webonise/.rvm/rubies/ruby-2.1.0/lib/ruby/site_ruby/2.1.0/rubygems/ext/ext_conf_builder.rb:39:in `block in build'  \n/home/webonise/.rvm/rubies/ruby-2.1.0/lib/ruby/2.1.0/tempfile.rb:324:in `open'  \n/home/webonise/.rvm/rubies/ruby-2.1.0/lib/ruby/site_ruby/2.1.0/rubygems/ext/ext_conf_builder.rb:19:in `build'  \n/home/webonise/.rvm/rubies/ruby-2.1.0/lib/ruby/site_ruby/2.1.0/rubygems/ext/builder.rb:148:in `block (2 levels) in build_extension'  \n/home/webonise/.rvm/rubies/ruby-2.1.0/lib/ruby/site_ruby/2.1.0/rubygems/ext/builder.rb:147:in `chdir'  \n/home/webonise/.rvm/rubies/ruby-2.1.0/lib/ruby/site_ruby/2.1.0/rubygems/ext/builder.rb:147:in `block in build_extension'  \n/home/webonise/.rvm/rubies/ruby-2.1.0/lib/ruby/site_ruby/2.1.0/rubygems/ext/builder.rb:146:in `synchronize'  \n/home/webonise/.rvm/rubies/ruby-2.1.0/lib/ruby/site_ruby/2.1.0/rubygems/ext/builder.rb:146:in `build_extension'  \n/home/webonise/.rvm/rubies/ruby-2.1.0/lib/ruby/site_ruby/2.1.0/rubygems/ext/builder.rb:180:in `block in build_extensions'  \n/home/webonise/.rvm/rubies/ruby-2.1.0/lib/ruby/site_ruby/2.1.0/rubygems/ext/builder.rb:177:in `each'  \n/home/webonise/.rvm/rubies/ruby-2.1.0/lib/ruby/site_ruby/2.1.0/rubygems/ext/builder.rb:177:in `build_extensions'  \n/home/webonise/.rvm/rubies/ruby-2.1.0/lib/ruby/site_ruby/2.1.0/rubygems/installer.rb:667:in `build_extensions'  \n/home/webonise/.rvm/rubies/ruby-2.1.0/lib/ruby/site_ruby/2.1.0/rubygems/installer.rb:225:in `install'  \n/home/webonise/.rvm/gems/ruby-2.1.0@global/gems/bundler-1.5.0/lib/bundler/source/rubygems.rb:101:in `block in install'  \n/home/webonise/.rvm/gems/ruby-2.1.0@global/gems/bundler-1.5.0/lib/bundler/rubygems_integration.rb:118:in `preserve_paths'  \n/home/webonise/.rvm/gems/ruby-2.1.0@global/gems/bundler-1.5.0/lib/bundler/source/rubygems.rb:94:in `install'  \n/home/webonise/.rvm/gems/ruby-2.1.0@global/gems/bundler-1.5.0/lib/bundler/installer.rb:111:in `block in install_gem_from_spec'  \n/home/webonise/.rvm/gems/ruby-2.1.0@global/gems/bundler-1.5.0/lib/bundler/rubygems_integration.rb:150:in `with_build_args'  \n/home/webonise/.rvm/gems/ruby-2.1.0@global/gems/bundler-1.5.0/lib/bundler/installer.rb:110:in `install_gem_from_spec'  \n/home/webonise/.rvm/gems/ruby-2.1.0@global/gems/bundler-1.5.0/lib/bundler/installer.rb:295:in `block in install_sequentially'  \n/home/webonise/.rvm/rubies/ruby-2.1.0/lib/ruby/2.1.0/forwardable.rb:183:in `each'  \n/home/webonise/.rvm/rubies/ruby-2.1.0/lib/ruby/2.1.0/forwardable.rb:183:in `each'  \n/home/webonise/.rvm/gems/ruby-2.1.0@global/gems/bundler-1.5.0/lib/bundler/installer.rb:294:in `install_sequentially'  \n/home/webonise/.rvm/gems/ruby-2.1.0@global/gems/bundler-1.5.0/lib/bundler/installer.rb:97:in `run'  \n/home/webonise/.rvm/gems/ruby-2.1.0@global/gems/bundler-1.5.0/lib/bundler/installer.rb:15:in `install'  \n/home/webonise/.rvm/gems/ruby-2.1.0@global/gems/bundler-1.5.0/lib/bundler/cli.rb:257:in `install'  \n/home/webonise/.rvm/gems/ruby-2.1.0@global/gems/bundler-1.5.0/lib/bundler/vendor/thor/command.rb:27:in `run'  \n/home/webonise/.rvm/gems/ruby-2.1.0@global/gems/bundler-1.5.0/lib/bundler/vendor/thor/invocation.rb:120:in `invoke_command'  \n/home/webonise/.rvm/gems/ruby-2.1.0@global/gems/bundler-1.5.0/lib/bundler/vendor/thor.rb:363:in `dispatch'  \n/home/webonise/.rvm/gems/ruby-2.1.0@global/gems/bundler-1.5.0/lib/bundler/vendor/thor/base.rb:438:in `start'  \n/home/webonise/.rvm/gems/ruby-2.1.0@global/gems/bundler-1.5.0/lib/bundler/cli.rb:10:in `start'  \n/home/webonise/.rvm/gems/ruby-2.1.0@global/gems/bundler-1.5.0/bin/bundle:22:in `block in <top (required)>'  \n/home/webonise/.rvm/gems/ruby-2.1.0@global/gems/bundler-1.5.0/lib/bundler/friendly_errors.rb:5:in `with_friendly_errors'  \n/home/webonise/.rvm/gems/ruby-2.1.0@global/gems/bundler-1.5.0/bin/bundle:22:in `<top (required)>'  \n/home/webonise/.rvm/gems/ruby-2.1.0@global/bin/bundle:23:in `load'  \n/home/webonise/.rvm/gems/ruby-2.1.0@global/bin/bundle:23:in `<main>'  \n/home/webonise/.rvm/gems/ruby-2.1.0/bin/ruby_executable_hooks:15:in `eval'  \n/home/webonise/.rvm/gems/ruby-2.1.0/bin/ruby_executable_hooks:15:in `<main>'
I, [2014-01-03T11:32:48.617529 #6756]  INFO -- : 0:  rake (10.1.1) from /home/webonise/.rvm/gems/ruby-2.1.0/specifications/rake-10.1.1.gemspec
I, [2014-01-03T11:32:48.617873 #6756]  INFO -- : 0:  i18n (0.6.9) from /home/webonise/.rvm/gems/ruby-2.1.0/specifications/i18n-0.6.9.gemspec
I, [2014-01-03T11:32:48.669592 #6756]  INFO -- : 0:  minitest (4.7.5) from /home/webonise/.rvm/gems/ruby-2.1.0/specifications/minitest-4.7.5.gemspec
I, [2014-01-03T11:32:48.670305 #6756]  INFO -- : 0:  multi_json (1.8.2) from /home/webonise/.rvm/gems/ruby-2.1.0/specifications/multi_json-1.8.2.gemspec
I, [2014-01-03T11:32:48.670787 #6756]  INFO -- : 0:  atomic (1.1.14) from /home/webonise/.rvm/gems/ruby-2.1.0/specifications/atomic-1.1.14.gemspec
I, [2014-01-03T11:32:48.671261 #6756]  INFO -- : 0:  thread_safe (0.1.3) from /home/webonise/.rvm/gems/ruby-2.1.0/specifications/thread_safe-0.1.3.gemspec
I, [2014-01-03T11:32:48.671732 #6756]  INFO -- : 0:  tzinfo (0.3.38) from /home/webonise/.rvm/gems/ruby-2.1.0/specifications/tzinfo-0.3.38.gemspec
I, [2014-01-03T11:32:48.672195 #6756]  INFO -- : 0:  activesupport (4.0.2) from /home/webonise/.rvm/gems/ruby-2.1.0/specifications/activesupport-4.0.2.gemspec
I, [2014-01-03T11:32:48.672658 #6756]  INFO -- : 0:  builder (3.1.4) from /home/webonise/.rvm/gems/ruby-2.1.0/specifications/builder-3.1.4.gemspec
I, [2014-01-03T11:32:48.673067 #6756]  INFO -- : 0:  erubis (2.7.0) from /home/webonise/.rvm/gems/ruby-2.1.0/specifications/erubis-2.7.0.gemspec
I, [2014-01-03T11:32:48.673522 #6756]  INFO -- : 0:  rack (1.5.2) from /home/webonise/.rvm/gems/ruby-2.1.0/specifications/rack-1.5.2.gemspec
I, [2014-01-03T11:32:48.673999 #6756]  INFO -- : 0:  rack-test (0.6.2) from /home/webonise/.rvm/gems/ruby-2.1.0/specifications/rack-test-0.6.2.gemspec
I, [2014-01-03T11:32:48.674463 #6756]  INFO -- : 0:  actionpack (4.0.2) from /home/webonise/.rvm/gems/ruby-2.1.0/specifications/actionpack-4.0.2.gemspec
I, [2014-01-03T11:32:48.674926 #6756]  INFO -- : 0:  mime-types (1.25.1) from /home/webonise/.rvm/gems/ruby-2.1.0/specifications/mime-types-1.25.1.gemspec
I, [2014-01-03T11:32:48.675399 #6756]  INFO -- : 0:  polyglot (0.3.3) from /home/webonise/.rvm/gems/ruby-2.1.0/specifications/polyglot-0.3.3.gemspec
I, [2014-01-03T11:32:48.675873 #6756]  INFO -- : 0:  treetop (1.4.15) from /home/webonise/.rvm/gems/ruby-2.1.0/specifications/treetop-1.4.15.gemspec
I, [2014-01-03T11:32:48.676333 #6756]  INFO -- : 0:  mail (2.5.4) from /home/webonise/.rvm/gems/ruby-2.1.0/specifications/mail-2.5.4.gemspec
I, [2014-01-03T11:32:48.676772 #6756]  INFO -- : 0:  actionmailer (4.0.2) from /home/webonise/.rvm/gems/ruby-2.1.0/specifications/actionmailer-4.0.2.gemspec
I, [2014-01-03T11:32:48.677223 #6756]  INFO -- : 0:  activemodel (4.0.2) from /home/webonise/.rvm/gems/ruby-2.1.0/specifications/activemodel-4.0.2.gemspec
I, [2014-01-03T11:32:48.677694 #6756]  INFO -- : 0:  activerecord-deprecated_finders (1.0.3) from /home/webonise/.rvm/gems/ruby-2.1.0/specifications/activerecord-deprecated_finders-1.0.3.gemspec
I, [2014-01-03T11:32:48.678170 #6756]  INFO -- : 0:  arel (4.0.1) from /home/webonise/.rvm/gems/ruby-2.1.0/specifications/arel-4.0.1.gemspec
I, [2014-01-03T11:32:48.678621 #6756]  INFO -- : 0:  activerecord (4.0.2) from /home/webonise/.rvm/gems/ruby-2.1.0/specifications/activerecord-4.0.2.gemspec
I, [2014-01-03T11:32:48.679051 #6756]  INFO -- : 0:  bundler (1.5.0) from /home/webonise/.rvm/gems/ruby-2.1.0@global/specifications/bundler-1.5.0.gemspec
I, [2014-01-03T11:32:48.679497 #6756]  INFO -- : 0:  coffee-script-source (1.6.3) from /home/webonise/.rvm/gems/ruby-2.1.0/specifications/coffee-script-source-1.6.3.gemspec
I, [2014-01-03T11:32:48.679933 #6756]  INFO -- : 0:  execjs (2.0.2) from /home/webonise/.rvm/gems/ruby-2.1.0/specifications/execjs-2.0.2.gemspec
I, [2014-01-03T11:32:48.680430 #6756]  INFO -- : 0:  coffee-script (2.2.0) from /home/webonise/.rvm/gems/ruby-2.1.0/specifications/coffee-script-2.2.0.gemspec
I, [2014-01-03T11:32:48.680868 #6756]  INFO -- : 0:  thor (0.18.1) from /home/webonise/.rvm/gems/ruby-2.1.0/specifications/thor-0.18.1.gemspec
I, [2014-01-03T11:32:48.681301 #6756]  INFO -- : 0:  railties (4.0.2) from /home/webonise/.rvm/gems/ruby-2.1.0/specifications/railties-4.0.2.gemspec
I, [2014-01-03T11:32:48.681708 #6756]  INFO -- : 0:  coffee-rails (4.0.1) from /home/webonise/.rvm/gems/ruby-2.1.0/specifications/coffee-rails-4.0.1.gemspec
I, [2014-01-03T11:32:48.682225 #6756]  INFO -- : 0:  hike (1.2.3) from /home/webonise/.rvm/gems/ruby-2.1.0/specifications/hike-1.2.3.gemspec
I, [2014-01-03T11:32:48.682665 #6756]  INFO -- : 0:  jbuilder (1.5.3) from /home/webonise/.rvm/gems/ruby-2.1.0/specifications/jbuilder-1.5.3.gemspec
I, [2014-01-03T11:32:48.683171 #6756]  INFO -- : 0:  jquery-rails (3.0.4) from /home/webonise/.rvm/gems/ruby-2.1.0/specifications/jquery-rails-3.0.4.gemspec
I, [2014-01-03T11:32:49.560853 #6756]  INFO -- : 0:  json (1.8.1) from /home/webonise/.rvm/gems/ruby-2.1.0/specifications/json-1.8.1.gemspec
E, [2014-01-03T11:32:52.943151 #6756] ERROR -- : Gem::Installer::ExtensionBuildError: ERROR: Failed to build gem native extension.

    /home/webonise/.rvm/rubies/ruby-2.1.0/bin/ruby extconf.rb 
checking for ruby/thread.h... yes
checking for rb_thread_call_without_gvl() in ruby/thread.h... yes
checking for rb_thread_blocking_region()... yes
checking for rb_wait_for_single_fd()... yes
checking for rb_hash_dup()... yes
checking for rb_intern3()... yes
checking for mysql_query() in -lmysqlclient... no
checking for main() in -lm... yes
checking for mysql_query() in -lmysqlclient... no
checking for main() in -lz... yes
checking for mysql_query() in -lmysqlclient... no
checking for main() in -lsocket... no
checking for mysql_query() in -lmysqlclient... no
checking for main() in -lnsl... yes
checking for mysql_query() in -lmysqlclient... no
checking for main() in -lmygcc... no
checking for mysql_query() in -lmysqlclient... no
*** extconf.rb failed ***
Could not create Makefile due to some reason, probably lack of necessary
libraries and/or headers.  Check the mkmf.log file for more details.  You may
need configuration options.

Provided configuration options:
	--with-opt-dir
	--without-opt-dir
	--with-opt-include
	--without-opt-include=${opt-dir}/include
	--with-opt-lib
	--without-opt-lib=${opt-dir}/lib
	--with-make-prog
	--without-make-prog
	--srcdir=.
	--curdir
	--ruby=/home/webonise/.rvm/rubies/ruby-2.1.0/bin/ruby
	--with-mysql-dir
	--without-mysql-dir
	--with-mysql-include
	--without-mysql-include=${mysql-dir}/include
	--with-mysql-lib
	--without-mysql-lib=${mysql-dir}/lib
	--with-mysql-config
	--without-mysql-config
	--with-mysql-dir
	--without-mysql-dir
	--with-mysql-include
	--without-mysql-include=${mysql-dir}/include
	--with-mysql-lib
	--without-mysql-lib=${mysql-dir}/lib
	--with-mysqlclientlib
	--without-mysqlclientlib
	--with-mlib
	--without-mlib
	--with-mysqlclientlib
	--without-mysqlclientlib
	--with-zlib
	--without-zlib
	--with-mysqlclientlib
	--without-mysqlclientlib
	--with-socketlib
	--without-socketlib
	--with-mysqlclientlib
	--without-mysqlclientlib
	--with-nsllib
	--without-nsllib
	--with-mysqlclientlib
	--without-mysqlclientlib
	--with-mygcclib
	--without-mygcclib
	--with-mysqlclientlib
	--without-mysqlclientlib


Gem files will remain installed in /home/webonise/.rvm/gems/ruby-2.1.0/gems/mysql2-0.3.14 for inspection.
Results logged to /home/webonise/.rvm/gems/ruby-2.1.0/gems/mysql2-0.3.14/ext/mysql2/gem_make.out

/home/webonise/.rvm/rubies/ruby-2.1.0/lib/ruby/site_ruby/2.1.0/rubygems/ext/builder.rb:77:in `run'  \n/home/webonise/.rvm/rubies/ruby-2.1.0/lib/ruby/site_ruby/2.1.0/rubygems/ext/ext_conf_builder.rb:39:in `block in build'  \n/home/webonise/.rvm/rubies/ruby-2.1.0/lib/ruby/2.1.0/tempfile.rb:324:in `open'  \n/home/webonise/.rvm/rubies/ruby-2.1.0/lib/ruby/site_ruby/2.1.0/rubygems/ext/ext_conf_builder.rb:19:in `build'  \n/home/webonise/.rvm/rubies/ruby-2.1.0/lib/ruby/site_ruby/2.1.0/rubygems/ext/builder.rb:148:in `block (2 levels) in build_extension'  \n/home/webonise/.rvm/rubies/ruby-2.1.0/lib/ruby/site_ruby/2.1.0/rubygems/ext/builder.rb:147:in `chdir'  \n/home/webonise/.rvm/rubies/ruby-2.1.0/lib/ruby/site_ruby/2.1.0/rubygems/ext/builder.rb:147:in `block in build_extension'  \n/home/webonise/.rvm/rubies/ruby-2.1.0/lib/ruby/site_ruby/2.1.0/rubygems/ext/builder.rb:146:in `synchronize'  \n/home/webonise/.rvm/rubies/ruby-2.1.0/lib/ruby/site_ruby/2.1.0/rubygems/ext/builder.rb:146:in `build_extension'  \n/home/webonise/.rvm/rubies/ruby-2.1.0/lib/ruby/site_ruby/2.1.0/rubygems/ext/builder.rb:180:in `block in build_extensions'  \n/home/webonise/.rvm/rubies/ruby-2.1.0/lib/ruby/site_ruby/2.1.0/rubygems/ext/builder.rb:177:in `each'  \n/home/webonise/.rvm/rubies/ruby-2.1.0/lib/ruby/site_ruby/2.1.0/rubygems/ext/builder.rb:177:in `build_extensions'  \n/home/webonise/.rvm/rubies/ruby-2.1.0/lib/ruby/site_ruby/2.1.0/rubygems/installer.rb:667:in `build_extensions'  \n/home/webonise/.rvm/rubies/ruby-2.1.0/lib/ruby/site_ruby/2.1.0/rubygems/installer.rb:225:in `install'  \n/home/webonise/.rvm/gems/ruby-2.1.0@global/gems/bundler-1.5.0/lib/bundler/source/rubygems.rb:101:in `block in install'  \n/home/webonise/.rvm/gems/ruby-2.1.0@global/gems/bundler-1.5.0/lib/bundler/rubygems_integration.rb:118:in `preserve_paths'  \n/home/webonise/.rvm/gems/ruby-2.1.0@global/gems/bundler-1.5.0/lib/bundler/source/rubygems.rb:94:in `install'  \n/home/webonise/.rvm/gems/ruby-2.1.0@global/gems/bundler-1.5.0/lib/bundler/installer.rb:111:in `block in install_gem_from_spec'  \n/home/webonise/.rvm/gems/ruby-2.1.0@global/gems/bundler-1.5.0/lib/bundler/rubygems_integration.rb:150:in `with_build_args'  \n/home/webonise/.rvm/gems/ruby-2.1.0@global/gems/bundler-1.5.0/lib/bundler/installer.rb:110:in `install_gem_from_spec'  \n/home/webonise/.rvm/gems/ruby-2.1.0@global/gems/bundler-1.5.0/lib/bundler/installer.rb:295:in `block in install_sequentially'  \n/home/webonise/.rvm/rubies/ruby-2.1.0/lib/ruby/2.1.0/forwardable.rb:183:in `each'  \n/home/webonise/.rvm/rubies/ruby-2.1.0/lib/ruby/2.1.0/forwardable.rb:183:in `each'  \n/home/webonise/.rvm/gems/ruby-2.1.0@global/gems/bundler-1.5.0/lib/bundler/installer.rb:294:in `install_sequentially'  \n/home/webonise/.rvm/gems/ruby-2.1.0@global/gems/bundler-1.5.0/lib/bundler/installer.rb:97:in `run'  \n/home/webonise/.rvm/gems/ruby-2.1.0@global/gems/bundler-1.5.0/lib/bundler/installer.rb:15:in `install'  \n/home/webonise/.rvm/gems/ruby-2.1.0@global/gems/bundler-1.5.0/lib/bundler/cli.rb:257:in `install'  \n/home/webonise/.rvm/gems/ruby-2.1.0@global/gems/bundler-1.5.0/lib/bundler/vendor/thor/command.rb:27:in `run'  \n/home/webonise/.rvm/gems/ruby-2.1.0@global/gems/bundler-1.5.0/lib/bundler/vendor/thor/invocation.rb:120:in `invoke_command'  \n/home/webonise/.rvm/gems/ruby-2.1.0@global/gems/bundler-1.5.0/lib/bundler/vendor/thor.rb:363:in `dispatch'  \n/home/webonise/.rvm/gems/ruby-2.1.0@global/gems/bundler-1.5.0/lib/bundler/vendor/thor/base.rb:438:in `start'  \n/home/webonise/.rvm/gems/ruby-2.1.0@global/gems/bundler-1.5.0/lib/bundler/cli.rb:10:in `start'  \n/home/webonise/.rvm/gems/ruby-2.1.0@global/gems/bundler-1.5.0/bin/bundle:22:in `block in <top (required)>'  \n/home/webonise/.rvm/gems/ruby-2.1.0@global/gems/bundler-1.5.0/lib/bundler/friendly_errors.rb:5:in `with_friendly_errors'  \n/home/webonise/.rvm/gems/ruby-2.1.0@global/gems/bundler-1.5.0/bin/bundle:22:in `<top (required)>'  \n/home/webonise/.rvm/gems/ruby-2.1.0@global/bin/bundle:23:in `load'  \n/home/webonise/.rvm/gems/ruby-2.1.0@global/bin/bundle:23:in `<main>'  \n/home/webonise/.rvm/gems/ruby-2.1.0/bin/ruby_executable_hooks:15:in `eval'  \n/home/webonise/.rvm/gems/ruby-2.1.0/bin/ruby_executable_hooks:15:in `<main>'
I, [2014-01-03T11:35:06.882711 #7195]  INFO -- : 0:  rake (10.1.1) from /home/webonise/.rvm/gems/ruby-2.1.0/specifications/rake-10.1.1.gemspec
I, [2014-01-03T11:35:06.883098 #7195]  INFO -- : 0:  i18n (0.6.9) from /home/webonise/.rvm/gems/ruby-2.1.0/specifications/i18n-0.6.9.gemspec
I, [2014-01-03T11:35:06.940164 #7195]  INFO -- : 0:  minitest (4.7.5) from /home/webonise/.rvm/gems/ruby-2.1.0/specifications/minitest-4.7.5.gemspec
I, [2014-01-03T11:35:06.940791 #7195]  INFO -- : 0:  multi_json (1.8.2) from /home/webonise/.rvm/gems/ruby-2.1.0/specifications/multi_json-1.8.2.gemspec
I, [2014-01-03T11:35:06.941240 #7195]  INFO -- : 0:  atomic (1.1.14) from /home/webonise/.rvm/gems/ruby-2.1.0/specifications/atomic-1.1.14.gemspec
I, [2014-01-03T11:35:06.941704 #7195]  INFO -- : 0:  thread_safe (0.1.3) from /home/webonise/.rvm/gems/ruby-2.1.0/specifications/thread_safe-0.1.3.gemspec
I, [2014-01-03T11:35:06.942151 #7195]  INFO -- : 0:  tzinfo (0.3.38) from /home/webonise/.rvm/gems/ruby-2.1.0/specifications/tzinfo-0.3.38.gemspec
I, [2014-01-03T11:35:06.942581 #7195]  INFO -- : 0:  activesupport (4.0.2) from /home/webonise/.rvm/gems/ruby-2.1.0/specifications/activesupport-4.0.2.gemspec
I, [2014-01-03T11:35:06.942998 #7195]  INFO -- : 0:  builder (3.1.4) from /home/webonise/.rvm/gems/ruby-2.1.0/specifications/builder-3.1.4.gemspec
I, [2014-01-03T11:35:06.943416 #7195]  INFO -- : 0:  erubis (2.7.0) from /home/webonise/.rvm/gems/ruby-2.1.0/specifications/erubis-2.7.0.gemspec
I, [2014-01-03T11:35:06.943890 #7195]  INFO -- : 0:  rack (1.5.2) from /home/webonise/.rvm/gems/ruby-2.1.0/specifications/rack-1.5.2.gemspec
I, [2014-01-03T11:35:06.944337 #7195]  INFO -- : 0:  rack-test (0.6.2) from /home/webonise/.rvm/gems/ruby-2.1.0/specifications/rack-test-0.6.2.gemspec
I, [2014-01-03T11:35:06.944764 #7195]  INFO -- : 0:  actionpack (4.0.2) from /home/webonise/.rvm/gems/ruby-2.1.0/specifications/actionpack-4.0.2.gemspec
I, [2014-01-03T11:35:06.945221 #7195]  INFO -- : 0:  mime-types (1.25.1) from /home/webonise/.rvm/gems/ruby-2.1.0/specifications/mime-types-1.25.1.gemspec
I, [2014-01-03T11:35:06.945662 #7195]  INFO -- : 0:  polyglot (0.3.3) from /home/webonise/.rvm/gems/ruby-2.1.0/specifications/polyglot-0.3.3.gemspec
I, [2014-01-03T11:35:06.946097 #7195]  INFO -- : 0:  treetop (1.4.15) from /home/webonise/.rvm/gems/ruby-2.1.0/specifications/treetop-1.4.15.gemspec
I, [2014-01-03T11:35:06.946527 #7195]  INFO -- : 0:  mail (2.5.4) from /home/webonise/.rvm/gems/ruby-2.1.0/specifications/mail-2.5.4.gemspec
I, [2014-01-03T11:35:06.946948 #7195]  INFO -- : 0:  actionmailer (4.0.2) from /home/webonise/.rvm/gems/ruby-2.1.0/specifications/actionmailer-4.0.2.gemspec
I, [2014-01-03T11:35:06.947365 #7195]  INFO -- : 0:  activemodel (4.0.2) from /home/webonise/.rvm/gems/ruby-2.1.0/specifications/activemodel-4.0.2.gemspec
I, [2014-01-03T11:35:06.947773 #7195]  INFO -- : 0:  activerecord-deprecated_finders (1.0.3) from /home/webonise/.rvm/gems/ruby-2.1.0/specifications/activerecord-deprecated_finders-1.0.3.gemspec
I, [2014-01-03T11:35:06.948194 #7195]  INFO -- : 0:  arel (4.0.1) from /home/webonise/.rvm/gems/ruby-2.1.0/specifications/arel-4.0.1.gemspec
I, [2014-01-03T11:35:06.948610 #7195]  INFO -- : 0:  activerecord (4.0.2) from /home/webonise/.rvm/gems/ruby-2.1.0/specifications/activerecord-4.0.2.gemspec
I, [2014-01-03T11:35:06.949021 #7195]  INFO -- : 0:  bundler (1.5.0) from /home/webonise/.rvm/gems/ruby-2.1.0@global/specifications/bundler-1.5.0.gemspec
I, [2014-01-03T11:35:06.949447 #7195]  INFO -- : 0:  coffee-script-source (1.6.3) from /home/webonise/.rvm/gems/ruby-2.1.0/specifications/coffee-script-source-1.6.3.gemspec
I, [2014-01-03T11:35:06.949934 #7195]  INFO -- : 0:  execjs (2.0.2) from /home/webonise/.rvm/gems/ruby-2.1.0/specifications/execjs-2.0.2.gemspec
I, [2014-01-03T11:35:06.950433 #7195]  INFO -- : 0:  coffee-script (2.2.0) from /home/webonise/.rvm/gems/ruby-2.1.0/specifications/coffee-script-2.2.0.gemspec
I, [2014-01-03T11:35:06.950907 #7195]  INFO -- : 0:  thor (0.18.1) from /home/webonise/.rvm/gems/ruby-2.1.0/specifications/thor-0.18.1.gemspec
I, [2014-01-03T11:35:06.951398 #7195]  INFO -- : 0:  railties (4.0.2) from /home/webonise/.rvm/gems/ruby-2.1.0/specifications/railties-4.0.2.gemspec
I, [2014-01-03T11:35:06.951874 #7195]  INFO -- : 0:  coffee-rails (4.0.1) from /home/webonise/.rvm/gems/ruby-2.1.0/specifications/coffee-rails-4.0.1.gemspec
I, [2014-01-03T11:35:06.952345 #7195]  INFO -- : 0:  hike (1.2.3) from /home/webonise/.rvm/gems/ruby-2.1.0/specifications/hike-1.2.3.gemspec
I, [2014-01-03T11:35:06.952803 #7195]  INFO -- : 0:  jbuilder (1.5.3) from /home/webonise/.rvm/gems/ruby-2.1.0/specifications/jbuilder-1.5.3.gemspec
I, [2014-01-03T11:35:06.953283 #7195]  INFO -- : 0:  jquery-rails (3.0.4) from /home/webonise/.rvm/gems/ruby-2.1.0/specifications/jquery-rails-3.0.4.gemspec
I, [2014-01-03T11:35:07.847964 #7195]  INFO -- : 0:  json (1.8.1) from /home/webonise/.rvm/gems/ruby-2.1.0/specifications/json-1.8.1.gemspec
E, [2014-01-03T11:35:11.287800 #7195] ERROR -- : Gem::Installer::ExtensionBuildError: ERROR: Failed to build gem native extension.

    /home/webonise/.rvm/rubies/ruby-2.1.0/bin/ruby extconf.rb 
checking for ruby/thread.h... yes
checking for rb_thread_call_without_gvl() in ruby/thread.h... yes
checking for rb_thread_blocking_region()... yes
checking for rb_wait_for_single_fd()... yes
checking for rb_hash_dup()... yes
checking for rb_intern3()... yes
checking for mysql_query() in -lmysqlclient... no
checking for main() in -lm... yes
checking for mysql_query() in -lmysqlclient... no
checking for main() in -lz... yes
checking for mysql_query() in -lmysqlclient... no
checking for main() in -lsocket... no
checking for mysql_query() in -lmysqlclient... no
checking for main() in -lnsl... yes
checking for mysql_query() in -lmysqlclient... no
checking for main() in -lmygcc... no
checking for mysql_query() in -lmysqlclient... no
*** extconf.rb failed ***
Could not create Makefile due to some reason, probably lack of necessary
libraries and/or headers.  Check the mkmf.log file for more details.  You may
need configuration options.

Provided configuration options:
	--with-opt-dir
	--without-opt-dir
	--with-opt-include
	--without-opt-include=${opt-dir}/include
	--with-opt-lib
	--without-opt-lib=${opt-dir}/lib
	--with-make-prog
	--without-make-prog
	--srcdir=.
	--curdir
	--ruby=/home/webonise/.rvm/rubies/ruby-2.1.0/bin/ruby
	--with-mysql-dir
	--without-mysql-dir
	--with-mysql-include
	--without-mysql-include=${mysql-dir}/include
	--with-mysql-lib
	--without-mysql-lib=${mysql-dir}/lib
	--with-mysql-config
	--without-mysql-config
	--with-mysql-dir
	--without-mysql-dir
	--with-mysql-include
	--without-mysql-include=${mysql-dir}/include
	--with-mysql-lib
	--without-mysql-lib=${mysql-dir}/lib
	--with-mysqlclientlib
	--without-mysqlclientlib
	--with-mlib
	--without-mlib
	--with-mysqlclientlib
	--without-mysqlclientlib
	--with-zlib
	--without-zlib
	--with-mysqlclientlib
	--without-mysqlclientlib
	--with-socketlib
	--without-socketlib
	--with-mysqlclientlib
	--without-mysqlclientlib
	--with-nsllib
	--without-nsllib
	--with-mysqlclientlib
	--without-mysqlclientlib
	--with-mygcclib
	--without-mygcclib
	--with-mysqlclientlib
	--without-mysqlclientlib


Gem files will remain installed in /home/webonise/.rvm/gems/ruby-2.1.0/gems/mysql2-0.3.14 for inspection.
Results logged to /home/webonise/.rvm/gems/ruby-2.1.0/gems/mysql2-0.3.14/ext/mysql2/gem_make.out

/home/webonise/.rvm/rubies/ruby-2.1.0/lib/ruby/site_ruby/2.1.0/rubygems/ext/builder.rb:77:in `run'  \n/home/webonise/.rvm/rubies/ruby-2.1.0/lib/ruby/site_ruby/2.1.0/rubygems/ext/ext_conf_builder.rb:39:in `block in build'  \n/home/webonise/.rvm/rubies/ruby-2.1.0/lib/ruby/2.1.0/tempfile.rb:324:in `open'  \n/home/webonise/.rvm/rubies/ruby-2.1.0/lib/ruby/site_ruby/2.1.0/rubygems/ext/ext_conf_builder.rb:19:in `build'  \n/home/webonise/.rvm/rubies/ruby-2.1.0/lib/ruby/site_ruby/2.1.0/rubygems/ext/builder.rb:148:in `block (2 levels) in build_extension'  \n/home/webonise/.rvm/rubies/ruby-2.1.0/lib/ruby/site_ruby/2.1.0/rubygems/ext/builder.rb:147:in `chdir'  \n/home/webonise/.rvm/rubies/ruby-2.1.0/lib/ruby/site_ruby/2.1.0/rubygems/ext/builder.rb:147:in `block in build_extension'  \n/home/webonise/.rvm/rubies/ruby-2.1.0/lib/ruby/site_ruby/2.1.0/rubygems/ext/builder.rb:146:in `synchronize'  \n/home/webonise/.rvm/rubies/ruby-2.1.0/lib/ruby/site_ruby/2.1.0/rubygems/ext/builder.rb:146:in `build_extension'  \n/home/webonise/.rvm/rubies/ruby-2.1.0/lib/ruby/site_ruby/2.1.0/rubygems/ext/builder.rb:180:in `block in build_extensions'  \n/home/webonise/.rvm/rubies/ruby-2.1.0/lib/ruby/site_ruby/2.1.0/rubygems/ext/builder.rb:177:in `each'  \n/home/webonise/.rvm/rubies/ruby-2.1.0/lib/ruby/site_ruby/2.1.0/rubygems/ext/builder.rb:177:in `build_extensions'  \n/home/webonise/.rvm/rubies/ruby-2.1.0/lib/ruby/site_ruby/2.1.0/rubygems/installer.rb:667:in `build_extensions'  \n/home/webonise/.rvm/rubies/ruby-2.1.0/lib/ruby/site_ruby/2.1.0/rubygems/installer.rb:225:in `install'  \n/home/webonise/.rvm/gems/ruby-2.1.0@global/gems/bundler-1.5.0/lib/bundler/source/rubygems.rb:101:in `block in install'  \n/home/webonise/.rvm/gems/ruby-2.1.0@global/gems/bundler-1.5.0/lib/bundler/rubygems_integration.rb:118:in `preserve_paths'  \n/home/webonise/.rvm/gems/ruby-2.1.0@global/gems/bundler-1.5.0/lib/bundler/source/rubygems.rb:94:in `install'  \n/home/webonise/.rvm/gems/ruby-2.1.0@global/gems/bundler-1.5.0/lib/bundler/installer.rb:111:in `block in install_gem_from_spec'  \n/home/webonise/.rvm/gems/ruby-2.1.0@global/gems/bundler-1.5.0/lib/bundler/rubygems_integration.rb:150:in `with_build_args'  \n/home/webonise/.rvm/gems/ruby-2.1.0@global/gems/bundler-1.5.0/lib/bundler/installer.rb:110:in `install_gem_from_spec'  \n/home/webonise/.rvm/gems/ruby-2.1.0@global/gems/bundler-1.5.0/lib/bundler/installer.rb:295:in `block in install_sequentially'  \n/home/webonise/.rvm/rubies/ruby-2.1.0/lib/ruby/2.1.0/forwardable.rb:183:in `each'  \n/home/webonise/.rvm/rubies/ruby-2.1.0/lib/ruby/2.1.0/forwardable.rb:183:in `each'  \n/home/webonise/.rvm/gems/ruby-2.1.0@global/gems/bundler-1.5.0/lib/bundler/installer.rb:294:in `install_sequentially'  \n/home/webonise/.rvm/gems/ruby-2.1.0@global/gems/bundler-1.5.0/lib/bundler/installer.rb:97:in `run'  \n/home/webonise/.rvm/gems/ruby-2.1.0@global/gems/bundler-1.5.0/lib/bundler/installer.rb:15:in `install'  \n/home/webonise/.rvm/gems/ruby-2.1.0@global/gems/bundler-1.5.0/lib/bundler/cli.rb:257:in `install'  \n/home/webonise/.rvm/gems/ruby-2.1.0@global/gems/bundler-1.5.0/lib/bundler/vendor/thor/command.rb:27:in `run'  \n/home/webonise/.rvm/gems/ruby-2.1.0@global/gems/bundler-1.5.0/lib/bundler/vendor/thor/invocation.rb:120:in `invoke_command'  \n/home/webonise/.rvm/gems/ruby-2.1.0@global/gems/bundler-1.5.0/lib/bundler/vendor/thor.rb:363:in `dispatch'  \n/home/webonise/.rvm/gems/ruby-2.1.0@global/gems/bundler-1.5.0/lib/bundler/vendor/thor/base.rb:438:in `start'  \n/home/webonise/.rvm/gems/ruby-2.1.0@global/gems/bundler-1.5.0/lib/bundler/cli.rb:10:in `start'  \n/home/webonise/.rvm/gems/ruby-2.1.0@global/gems/bundler-1.5.0/bin/bundle:22:in `block in <top (required)>'  \n/home/webonise/.rvm/gems/ruby-2.1.0@global/gems/bundler-1.5.0/lib/bundler/friendly_errors.rb:5:in `with_friendly_errors'  \n/home/webonise/.rvm/gems/ruby-2.1.0@global/gems/bundler-1.5.0/bin/bundle:22:in `<top (required)>'  \n/home/webonise/.rvm/gems/ruby-2.1.0@global/bin/bundle:23:in `load'  \n/home/webonise/.rvm/gems/ruby-2.1.0@global/bin/bundle:23:in `<main>'  \n/home/webonise/.rvm/gems/ruby-2.1.0/bin/ruby_executable_hooks:15:in `eval'  \n/home/webonise/.rvm/gems/ruby-2.1.0/bin/ruby_executable_hooks:15:in `<main>'
I, [2014-01-03T11:45:40.531245 #8126]  INFO -- : 0:  rake (10.1.1) from /home/webonise/.rvm/gems/ruby-2.1.0/specifications/rake-10.1.1.gemspec
I, [2014-01-03T11:45:40.531592 #8126]  INFO -- : 0:  i18n (0.6.9) from /home/webonise/.rvm/gems/ruby-2.1.0/specifications/i18n-0.6.9.gemspec
I, [2014-01-03T11:45:40.580191 #8126]  INFO -- : 0:  minitest (4.7.5) from /home/webonise/.rvm/gems/ruby-2.1.0/specifications/minitest-4.7.5.gemspec
I, [2014-01-03T11:45:40.580840 #8126]  INFO -- : 0:  multi_json (1.8.2) from /home/webonise/.rvm/gems/ruby-2.1.0/specifications/multi_json-1.8.2.gemspec
I, [2014-01-03T11:45:40.581299 #8126]  INFO -- : 0:  atomic (1.1.14) from /home/webonise/.rvm/gems/ruby-2.1.0/specifications/atomic-1.1.14.gemspec
I, [2014-01-03T11:45:40.581746 #8126]  INFO -- : 0:  thread_safe (0.1.3) from /home/webonise/.rvm/gems/ruby-2.1.0/specifications/thread_safe-0.1.3.gemspec
I, [2014-01-03T11:45:40.582197 #8126]  INFO -- : 0:  tzinfo (0.3.38) from /home/webonise/.rvm/gems/ruby-2.1.0/specifications/tzinfo-0.3.38.gemspec
I, [2014-01-03T11:45:40.582645 #8126]  INFO -- : 0:  activesupport (4.0.2) from /home/webonise/.rvm/gems/ruby-2.1.0/specifications/activesupport-4.0.2.gemspec
I, [2014-01-03T11:45:40.583080 #8126]  INFO -- : 0:  builder (3.1.4) from /home/webonise/.rvm/gems/ruby-2.1.0/specifications/builder-3.1.4.gemspec
I, [2014-01-03T11:45:40.583514 #8126]  INFO -- : 0:  erubis (2.7.0) from /home/webonise/.rvm/gems/ruby-2.1.0/specifications/erubis-2.7.0.gemspec
I, [2014-01-03T11:45:40.583949 #8126]  INFO -- : 0:  rack (1.5.2) from /home/webonise/.rvm/gems/ruby-2.1.0/specifications/rack-1.5.2.gemspec
I, [2014-01-03T11:45:40.584362 #8126]  INFO -- : 0:  rack-test (0.6.2) from /home/webonise/.rvm/gems/ruby-2.1.0/specifications/rack-test-0.6.2.gemspec
I, [2014-01-03T11:45:40.584721 #8126]  INFO -- : 0:  actionpack (4.0.2) from /home/webonise/.rvm/gems/ruby-2.1.0/specifications/actionpack-4.0.2.gemspec
I, [2014-01-03T11:45:40.585155 #8126]  INFO -- : 0:  mime-types (1.25.1) from /home/webonise/.rvm/gems/ruby-2.1.0/specifications/mime-types-1.25.1.gemspec
I, [2014-01-03T11:45:40.585558 #8126]  INFO -- : 0:  polyglot (0.3.3) from /home/webonise/.rvm/gems/ruby-2.1.0/specifications/polyglot-0.3.3.gemspec
I, [2014-01-03T11:45:40.586012 #8126]  INFO -- : 0:  treetop (1.4.15) from /home/webonise/.rvm/gems/ruby-2.1.0/specifications/treetop-1.4.15.gemspec
I, [2014-01-03T11:45:40.586437 #8126]  INFO -- : 0:  mail (2.5.4) from /home/webonise/.rvm/gems/ruby-2.1.0/specifications/mail-2.5.4.gemspec
I, [2014-01-03T11:45:40.586870 #8126]  INFO -- : 0:  actionmailer (4.0.2) from /home/webonise/.rvm/gems/ruby-2.1.0/specifications/actionmailer-4.0.2.gemspec
I, [2014-01-03T11:45:40.587296 #8126]  INFO -- : 0:  activemodel (4.0.2) from /home/webonise/.rvm/gems/ruby-2.1.0/specifications/activemodel-4.0.2.gemspec
I, [2014-01-03T11:45:40.587723 #8126]  INFO -- : 0:  activerecord-deprecated_finders (1.0.3) from /home/webonise/.rvm/gems/ruby-2.1.0/specifications/activerecord-deprecated_finders-1.0.3.gemspec
I, [2014-01-03T11:45:40.588139 #8126]  INFO -- : 0:  arel (4.0.1) from /home/webonise/.rvm/gems/ruby-2.1.0/specifications/arel-4.0.1.gemspec
I, [2014-01-03T11:45:40.588564 #8126]  INFO -- : 0:  activerecord (4.0.2) from /home/webonise/.rvm/gems/ruby-2.1.0/specifications/activerecord-4.0.2.gemspec
I, [2014-01-03T11:45:40.589038 #8126]  INFO -- : 0:  bundler (1.5.0) from /home/webonise/.rvm/gems/ruby-2.1.0@global/specifications/bundler-1.5.0.gemspec
I, [2014-01-03T11:45:40.589462 #8126]  INFO -- : 0:  coffee-script-source (1.6.3) from /home/webonise/.rvm/gems/ruby-2.1.0/specifications/coffee-script-source-1.6.3.gemspec
I, [2014-01-03T11:45:40.589882 #8126]  INFO -- : 0:  execjs (2.0.2) from /home/webonise/.rvm/gems/ruby-2.1.0/specifications/execjs-2.0.2.gemspec
I, [2014-01-03T11:45:40.590410 #8126]  INFO -- : 0:  coffee-script (2.2.0) from /home/webonise/.rvm/gems/ruby-2.1.0/specifications/coffee-script-2.2.0.gemspec
I, [2014-01-03T11:45:40.590886 #8126]  INFO -- : 0:  thor (0.18.1) from /home/webonise/.rvm/gems/ruby-2.1.0/specifications/thor-0.18.1.gemspec
I, [2014-01-03T11:45:40.591364 #8126]  INFO -- : 0:  railties (4.0.2) from /home/webonise/.rvm/gems/ruby-2.1.0/specifications/railties-4.0.2.gemspec
I, [2014-01-03T11:45:40.591832 #8126]  INFO -- : 0:  coffee-rails (4.0.1) from /home/webonise/.rvm/gems/ruby-2.1.0/specifications/coffee-rails-4.0.1.gemspec
I, [2014-01-03T11:45:40.592311 #8126]  INFO -- : 0:  hike (1.2.3) from /home/webonise/.rvm/gems/ruby-2.1.0/specifications/hike-1.2.3.gemspec
I, [2014-01-03T11:45:40.592786 #8126]  INFO -- : 0:  jbuilder (1.5.3) from /home/webonise/.rvm/gems/ruby-2.1.0/specifications/jbuilder-1.5.3.gemspec
I, [2014-01-03T11:45:40.593268 #8126]  INFO -- : 0:  jquery-rails (3.0.4) from /home/webonise/.rvm/gems/ruby-2.1.0/specifications/jquery-rails-3.0.4.gemspec
I, [2014-01-03T11:45:41.462154 #8126]  INFO -- : 0:  json (1.8.1) from /home/webonise/.rvm/gems/ruby-2.1.0/specifications/json-1.8.1.gemspec
I, [2014-01-03T11:45:43.558622 #8126]  INFO -- : 0:  mysql2 (0.3.14) from /home/webonise/.rvm/gems/ruby-2.1.0/specifications/mysql2-0.3.14.gemspec
I, [2014-01-03T11:45:43.559450 #8126]  INFO -- : 0:  tilt (1.4.1) from /home/webonise/.rvm/gems/ruby-2.1.0/specifications/tilt-1.4.1.gemspec
I, [2014-01-03T11:45:43.560043 #8126]  INFO -- : 0:  sprockets (2.10.1) from /home/webonise/.rvm/gems/ruby-2.1.0/specifications/sprockets-2.10.1.gemspec
I, [2014-01-03T11:45:43.560619 #8126]  INFO -- : 0:  sprockets-rails (2.0.1) from /home/webonise/.rvm/gems/ruby-2.1.0/specifications/sprockets-rails-2.0.1.gemspec
I, [2014-01-03T11:45:43.561115 #8126]  INFO -- : 0:  rails (4.0.2) from /home/webonise/.rvm/gems/ruby-2.1.0/specifications/rails-4.0.2.gemspec
I, [2014-01-03T11:45:43.561607 #8126]  INFO -- : 0:  rdoc (3.12.2) from /home/webonise/.rvm/gems/ruby-2.1.0/specifications/rdoc-3.12.2.gemspec
I, [2014-01-03T11:45:43.562084 #8126]  INFO -- : 0:  sass (3.2.13) from /home/webonise/.rvm/gems/ruby-2.1.0/specifications/sass-3.2.13.gemspec
I, [2014-01-03T11:45:43.562563 #8126]  INFO -- : 0:  sass-rails (4.0.1) from /home/webonise/.rvm/gems/ruby-2.1.0/specifications/sass-rails-4.0.1.gemspec
I, [2014-01-03T11:45:43.563092 #8126]  INFO -- : 0:  sdoc (0.3.20) from /home/webonise/.rvm/gems/ruby-2.1.0/specifications/sdoc-0.3.20.gemspec
I, [2014-01-03T11:45:43.563543 #8126]  INFO -- : 0:  turbolinks (2.1.0) from /home/webonise/.rvm/gems/ruby-2.1.0/specifications/turbolinks-2.1.0.gemspec
I, [2014-01-03T11:45:43.564048 #8126]  INFO -- : 0:  uglifier (2.4.0) from /home/webonise/.rvm/gems/ruby-2.1.0/specifications/uglifier-2.4.0.gemspec
