# Logfile created on 2014-01-03 13:30:03 +0530 by logger.rb/44203
I, [2014-01-03T13:30:03.194848 #9774]  INFO -- : 0:  rake (10.1.1) from /home/webonise/.rvm/gems/ruby-2.1.0@local/specifications/rake-10.1.1.gemspec
I, [2014-01-03T13:30:03.195147 #9774]  INFO -- : 0:  i18n (0.6.9) from /home/webonise/.rvm/gems/ruby-2.1.0@local/specifications/i18n-0.6.9.gemspec
I, [2014-01-03T13:30:03.243872 #9774]  INFO -- : 0:  minitest (4.7.5) from /home/webonise/.rvm/gems/ruby-2.1.0@local/specifications/minitest-4.7.5.gemspec
I, [2014-01-03T13:30:03.244514 #9774]  INFO -- : 0:  multi_json (1.8.2) from /home/webonise/.rvm/gems/ruby-2.1.0@local/specifications/multi_json-1.8.2.gemspec
I, [2014-01-03T13:30:03.244951 #9774]  INFO -- : 0:  atomic (1.1.14) from /home/webonise/.rvm/gems/ruby-2.1.0@local/specifications/atomic-1.1.14.gemspec
I, [2014-01-03T13:30:03.245392 #9774]  INFO -- : 0:  thread_safe (0.1.3) from /home/webonise/.rvm/gems/ruby-2.1.0@local/specifications/thread_safe-0.1.3.gemspec
I, [2014-01-03T13:30:03.245820 #9774]  INFO -- : 0:  tzinfo (0.3.38) from /home/webonise/.rvm/gems/ruby-2.1.0@local/specifications/tzinfo-0.3.38.gemspec
I, [2014-01-03T13:30:03.246283 #9774]  INFO -- : 0:  activesupport (4.0.2) from /home/webonise/.rvm/gems/ruby-2.1.0@local/specifications/activesupport-4.0.2.gemspec
I, [2014-01-03T13:30:03.246716 #9774]  INFO -- : 0:  builder (3.1.4) from /home/webonise/.rvm/gems/ruby-2.1.0@local/specifications/builder-3.1.4.gemspec
I, [2014-01-03T13:30:03.247119 #9774]  INFO -- : 0:  erubis (2.7.0) from /home/webonise/.rvm/gems/ruby-2.1.0@local/specifications/erubis-2.7.0.gemspec
I, [2014-01-03T13:30:03.247579 #9774]  INFO -- : 0:  rack (1.5.2) from /home/webonise/.rvm/gems/ruby-2.1.0@local/specifications/rack-1.5.2.gemspec
I, [2014-01-03T13:30:03.247996 #9774]  INFO -- : 0:  rack-test (0.6.2) from /home/webonise/.rvm/gems/ruby-2.1.0@local/specifications/rack-test-0.6.2.gemspec
I, [2014-01-03T13:30:03.248412 #9774]  INFO -- : 0:  actionpack (4.0.2) from /home/webonise/.rvm/gems/ruby-2.1.0@local/specifications/actionpack-4.0.2.gemspec
I, [2014-01-03T13:30:03.248836 #9774]  INFO -- : 0:  mime-types (1.25.1) from /home/webonise/.rvm/gems/ruby-2.1.0@local/specifications/mime-types-1.25.1.gemspec
I, [2014-01-03T13:30:03.249249 #9774]  INFO -- : 0:  polyglot (0.3.3) from /home/webonise/.rvm/gems/ruby-2.1.0@local/specifications/polyglot-0.3.3.gemspec
I, [2014-01-03T13:30:03.249666 #9774]  INFO -- : 0:  treetop (1.4.15) from /home/webonise/.rvm/gems/ruby-2.1.0@local/specifications/treetop-1.4.15.gemspec
I, [2014-01-03T13:30:03.250096 #9774]  INFO -- : 0:  mail (2.5.4) from /home/webonise/.rvm/gems/ruby-2.1.0@local/specifications/mail-2.5.4.gemspec
I, [2014-01-03T13:30:03.250510 #9774]  INFO -- : 0:  actionmailer (4.0.2) from /home/webonise/.rvm/gems/ruby-2.1.0@local/specifications/actionmailer-4.0.2.gemspec
I, [2014-01-03T13:30:03.250911 #9774]  INFO -- : 0:  activemodel (4.0.2) from /home/webonise/.rvm/gems/ruby-2.1.0@local/specifications/activemodel-4.0.2.gemspec
I, [2014-01-03T13:30:03.251333 #9774]  INFO -- : 0:  activerecord-deprecated_finders (1.0.3) from /home/webonise/.rvm/gems/ruby-2.1.0@local/specifications/activerecord-deprecated_finders-1.0.3.gemspec
I, [2014-01-03T13:30:03.251744 #9774]  INFO -- : 0:  arel (4.0.1) from /home/webonise/.rvm/gems/ruby-2.1.0@local/specifications/arel-4.0.1.gemspec
I, [2014-01-03T13:30:03.252158 #9774]  INFO -- : 0:  activerecord (4.0.2) from /home/webonise/.rvm/gems/ruby-2.1.0@local/specifications/activerecord-4.0.2.gemspec
I, [2014-01-03T13:30:03.252555 #9774]  INFO -- : 0:  bundler (1.5.0) from /home/webonise/.rvm/gems/ruby-2.1.0@global/specifications/bundler-1.5.0.gemspec
I, [2014-01-03T13:30:03.252985 #9774]  INFO -- : 0:  coffee-script-source (1.6.3) from /home/webonise/.rvm/gems/ruby-2.1.0@local/specifications/coffee-script-source-1.6.3.gemspec
I, [2014-01-03T13:30:03.253397 #9774]  INFO -- : 0:  execjs (2.0.2) from /home/webonise/.rvm/gems/ruby-2.1.0@local/specifications/execjs-2.0.2.gemspec
I, [2014-01-03T13:30:03.253803 #9774]  INFO -- : 0:  coffee-script (2.2.0) from /home/webonise/.rvm/gems/ruby-2.1.0@local/specifications/coffee-script-2.2.0.gemspec
I, [2014-01-03T13:30:03.254135 #9774]  INFO -- : 0:  thor (0.18.1) from /home/webonise/.rvm/gems/ruby-2.1.0@local/specifications/thor-0.18.1.gemspec
I, [2014-01-03T13:30:03.254336 #9774]  INFO -- : 0:  railties (4.0.2) from /home/webonise/.rvm/gems/ruby-2.1.0@local/specifications/railties-4.0.2.gemspec
I, [2014-01-03T13:30:03.254541 #9774]  INFO -- : 0:  coffee-rails (4.0.1) from /home/webonise/.rvm/gems/ruby-2.1.0@local/specifications/coffee-rails-4.0.1.gemspec
I, [2014-01-03T13:30:03.254743 #9774]  INFO -- : 0:  hike (1.2.3) from /home/webonise/.rvm/gems/ruby-2.1.0@local/specifications/hike-1.2.3.gemspec
I, [2014-01-03T13:30:03.254952 #9774]  INFO -- : 0:  jbuilder (1.5.3) from /home/webonise/.rvm/gems/ruby-2.1.0@local/specifications/jbuilder-1.5.3.gemspec
I, [2014-01-03T13:30:03.255157 #9774]  INFO -- : 0:  jquery-rails (3.0.4) from /home/webonise/.rvm/gems/ruby-2.1.0@local/specifications/jquery-rails-3.0.4.gemspec
I, [2014-01-03T13:30:04.134260 #9774]  INFO -- : 0:  json (1.8.1) from /home/webonise/.rvm/gems/ruby-2.1.0@local/specifications/json-1.8.1.gemspec
I, [2014-01-03T13:30:04.134944 #9774]  INFO -- : 0:  tilt (1.4.1) from /home/webonise/.rvm/gems/ruby-2.1.0@local/specifications/tilt-1.4.1.gemspec
I, [2014-01-03T13:30:04.135625 #9774]  INFO -- : 0:  sprockets (2.10.1) from /home/webonise/.rvm/gems/ruby-2.1.0@local/specifications/sprockets-2.10.1.gemspec
I, [2014-01-03T13:30:04.136150 #9774]  INFO -- : 0:  sprockets-rails (2.0.1) from /home/webonise/.rvm/gems/ruby-2.1.0@local/specifications/sprockets-rails-2.0.1.gemspec
I, [2014-01-03T13:30:04.136686 #9774]  INFO -- : 0:  rails (4.0.2) from /home/webonise/.rvm/gems/ruby-2.1.0@local/specifications/rails-4.0.2.gemspec
I, [2014-01-03T13:30:12.790958 #9774]  INFO -- : 0:  rdoc (3.12.2) from /home/webonise/.rvm/gems/ruby-2.1.0@local/specifications/rdoc-3.12.2.gemspec
I, [2014-01-03T13:30:20.738596 #9774]  INFO -- : 0:  sass (3.2.13) from /home/webonise/.rvm/gems/ruby-2.1.0@local/specifications/sass-3.2.13.gemspec
I, [2014-01-03T13:30:27.927221 #9774]  INFO -- : 0:  sass-rails (4.0.1) from /home/webonise/.rvm/gems/ruby-2.1.0@local/specifications/sass-rails-4.0.1.gemspec
I, [2014-01-03T13:30:36.142514 #9774]  INFO -- : 0:  sdoc (0.3.20) from /home/webonise/.rvm/gems/ruby-2.1.0@local/specifications/sdoc-0.3.20.gemspec
I, [2014-01-03T13:30:43.815606 #9774]  INFO -- : 0:  sqlite3 (1.3.8) from /home/webonise/.rvm/gems/ruby-2.1.0@local/specifications/sqlite3-1.3.8.gemspec
I, [2014-01-03T13:30:48.618228 #9774]  INFO -- : 0:  turbolinks (2.1.0) from /home/webonise/.rvm/gems/ruby-2.1.0@local/specifications/turbolinks-2.1.0.gemspec
I, [2014-01-03T13:30:54.268257 #9774]  INFO -- : 0:  uglifier (2.4.0) from /home/webonise/.rvm/gems/ruby-2.1.0@local/specifications/uglifier-2.4.0.gemspec
